# JRE version: Java(TM) SE Runtime Environment (8.0_91-b14) (build 1.8.0_91-b14)
# Java VM: Java HotSpot(TM) 64-Bit Server VM (25.91-b14 mixed mode windows-amd64 compressed oops)
Heap:
 PSYoungGen      total 25600K, used 23134K [0x00000000d5700000, 0x00000000d8900000, 0x0000000100000000)
  eden space 24576K, 90% used [0x00000000d5700000,0x00000000d6cb5d50,0x00000000d6f00000)
  from space 1024K, 88% used [0x00000000d6f80000,0x00000000d7061ad0,0x00000000d7080000)
  to   space 13312K, 0% used [0x00000000d7c00000,0x00000000d7c00000,0x00000000d8900000)
 ParOldGen       total 87552K, used 36573K [0x0000000080400000, 0x0000000085980000, 0x00000000d5700000)
  object space 87552K, 41% used [0x0000000080400000,0x00000000827b7770,0x0000000085980000)
 Metaspace       used 19255K, capacity 19491K, committed 19712K, reserved 1067008K
  class space    used 2173K, capacity 2235K, committed 2304K, reserved 1048576K
GC Heap History (10 events):
Event: 125.714 GC heap before
{Heap before GC invocations=25 (full 3):
 PSYoungGen      total 27136K, used 17947K [0x00000000d5700000, 0x00000000d9180000, 0x0000000100000000)
  eden space 26112K, 65% used [0x00000000d5700000,0x00000000d67b8b60,0x00000000d7080000)
  from space 1024K, 80% used [0x00000000d7100000,0x00000000d71ce240,0x00000000d7200000)
  to   space 16896K, 0% used [0x00000000d8100000,0x00000000d8100000,0x00000000d9180000)
 ParOldGen       total 87552K, used 38831K [0x0000000080400000, 0x0000000085980000, 0x00000000d5700000)
  object space 87552K, 44% used [0x0000000080400000,0x00000000829ebca8,0x0000000085980000)
 Metaspace       used 19226K, capacity 19491K, committed 19712K, reserved 1067008K
  class space    used 2172K, capacity 2235K, committed 2304K, reserved 1048576K
Event: 125.716 GC heap after
Heap after GC invocations=25 (full 3):
 PSYoungGen      total 40960K, used 462K [0x00000000d5700000, 0x00000000d8f80000, 0x0000000100000000)
  eden space 26112K, 0% used [0x00000000d5700000,0x00000000d5700000,0x00000000d7080000)
  from space 14848K, 3% used [0x00000000d8100000,0x00000000d8173890,0x00000000d8f80000)
  to   space 15872K, 0% used [0x00000000d7080000,0x00000000d7080000,0x00000000d8000000)
 ParOldGen       total 87552K, used 38943K [0x0000000080400000, 0x0000000085980000, 0x00000000d5700000)
  object space 87552K, 44% used [0x0000000080400000,0x0000000082a07ca8,0x0000000085980000)
 Metaspace       used 19226K, capacity 19491K, committed 19712K, reserved 1067008K
  class space    used 2172K, capacity 2235K, committed 2304K, reserved 1048576K
}
Event: 125.716 GC heap before
{Heap before GC invocations=26 (full 4):
 PSYoungGen      total 40960K, used 462K [0x00000000d5700000, 0x00000000d8f80000, 0x0000000100000000)
  eden space 26112K, 0% used [0x00000000d5700000,0x00000000d5700000,0x00000000d7080000)
  from space 14848K, 3% used [0x00000000d8100000,0x00000000d8173890,0x00000000d8f80000)
  to   space 15872K, 0% used [0x00000000d7080000,0x00000000d7080000,0x00000000d8000000)
 ParOldGen       total 87552K, used 38943K [0x0000000080400000, 0x0000000085980000, 0x00000000d5700000)
  object space 87552K, 44% used [0x0000000080400000,0x0000000082a07ca8,0x0000000085980000)
 Metaspace       used 19226K, capacity 19491K, committed 19712K, reserved 1067008K
  class space    used 2172K, capacity 2235K, committed 2304K, reserved 1048576K
Event: 125.764 GC heap after
Heap after GC invocations=26 (full 4):
 PSYoungGen      total 40960K, used 0K [0x00000000d5700000, 0x00000000d8f80000, 0x0000000100000000)
  eden space 26112K, 0% used [0x00000000d5700000,0x00000000d5700000,0x00000000d7080000)
  from space 14848K, 0% used [0x00000000d8100000,0x00000000d8100000,0x00000000d8f80000)
  to   space 15872K, 0% used [0x00000000d7080000,0x00000000d7080000,0x00000000d8000000)
 ParOldGen       total 87552K, used 36389K [0x0000000080400000, 0x0000000085980000, 0x00000000d5700000)
  object space 87552K, 41% used [0x0000000080400000,0x0000000082789510,0x0000000085980000)
 Metaspace       used 19226K, capacity 19491K, committed 19712K, reserved 1067008K
  class space    used 2172K, capacity 2235K, committed 2304K, reserved 1048576K
}
Event: 132.190 GC heap before
{Heap before GC invocations=27 (full 4):
 PSYoungGen      total 40960K, used 26112K [0x00000000d5700000, 0x00000000d8f80000, 0x0000000100000000)
  eden space 26112K, 100% used [0x00000000d5700000,0x00000000d7080000,0x00000000d7080000)
  from space 14848K, 0% used [0x00000000d8100000,0x00000000d8100000,0x00000000d8f80000)
  to   space 15872K, 0% used [0x00000000d7080000,0x00000000d7080000,0x00000000d8000000)
 ParOldGen       total 87552K, used 36389K [0x0000000080400000, 0x0000000085980000, 0x00000000d5700000)
  object space 87552K, 41% used [0x0000000080400000,0x0000000082789510,0x0000000085980000)
 Metaspace       used 19238K, capacity 19491K, committed 19712K, reserved 1067008K
  class space    used 2172K, capacity 2235K, committed 2304K, reserved 1048576K
Event: 132.192 GC heap after
Heap after GC invocations=27 (full 4):
 PSYoungGen      total 26624K, used 746K [0x00000000d5700000, 0x00000000d8e00000, 0x0000000100000000)
  eden space 25600K, 0% used [0x00000000d5700000,0x00000000d5700000,0x00000000d7000000)
  from space 1024K, 72% used [0x00000000d7080000,0x00000000d713a9b0,0x00000000d7180000)
  to   space 15360K, 0% used [0x00000000d7f00000,0x00000000d7f00000,0x00000000d8e00000)
 ParOldGen       total 87552K, used 36397K [0x0000000080400000, 0x0000000085980000, 0x00000000d5700000)
  object space 87552K, 41% used [0x0000000080400000,0x000000008278b510,0x0000000085980000)
 Metaspace       used 19238K, capacity 19491K, committed 19712K, reserved 1067008K
  class space    used 2172K, capacity 2235K, committed 2304K, reserved 1048576K
}
Event: 138.362 GC heap before
{Heap before GC invocations=28 (full 4):
 PSYoungGen      total 26624K, used 26346K [0x00000000d5700000, 0x00000000d8e00000, 0x0000000100000000)
  eden space 25600K, 100% used [0x00000000d5700000,0x00000000d7000000,0x00000000d7000000)
  from space 1024K, 72% used [0x00000000d7080000,0x00000000d713a9b0,0x00000000d7180000)
  to   space 15360K, 0% used [0x00000000d7f00000,0x00000000d7f00000,0x00000000d8e00000)
 ParOldGen       total 87552K, used 36397K [0x0000000080400000, 0x0000000085980000, 0x00000000d5700000)
  object space 87552K, 41% used [0x0000000080400000,0x000000008278b510,0x0000000085980000)
 Metaspace       used 19251K, capacity 19491K, committed 19712K, reserved 1067008K
  class space    used 2173K, capacity 2235K, committed 2304K, reserved 1048576K
Event: 138.364 GC heap after
Heap after GC invocations=28 (full 4):
 PSYoungGen      total 37888K, used 1325K [0x00000000d5700000, 0x00000000d8b80000, 0x0000000100000000)
  eden space 25088K, 0% used [0x00000000d5700000,0x00000000d5700000,0x00000000d6f80000)
  from space 12800K, 10% used [0x00000000d7f00000,0x00000000d804b5a0,0x00000000d8b80000)
  to   space 14336K, 0% used [0x00000000d6f80000,0x00000000d6f80000,0x00000000d7d80000)
 ParOldGen       total 87552K, used 36485K [0x0000000080400000, 0x0000000085980000, 0x00000000d5700000)
  object space 87552K, 41% used [0x0000000080400000,0x00000000827a1510,0x0000000085980000)
 Metaspace       used 19251K, capacity 19491K, committed 19712K, reserved 1067008K
  class space    used 2173K, capacity 2235K, committed 2304K, reserved 1048576K
}
Event: 144.874 GC heap before
{Heap before GC invocations=29 (full 4):
 PSYoungGen      total 37888K, used 26413K [0x00000000d5700000, 0x00000000d8b80000, 0x0000000100000000)
  eden space 25088K, 100% used [0x00000000d5700000,0x00000000d6f80000,0x00000000d6f80000)
  from space 12800K, 10% used [0x00000000d7f00000,0x00000000d804b5a0,0x00000000d8b80000)
  to   space 14336K, 0% used [0x00000000d6f80000,0x00000000d6f80000,0x00000000d7d80000)
 ParOldGen       total 87552K, used 36485K [0x0000000080400000, 0x0000000085980000, 0x00000000d5700000)
  object space 87552K, 41% used [0x0000000080400000,0x00000000827a1510,0x0000000085980000)
 Metaspace       used 19254K, capacity 19491K, committed 19712K, reserved 1067008K
  class space    used 2173K, capacity 2235K, committed 2304K, reserved 1048576K
Event: 144.875 GC heap after
Heap after GC invocations=29 (full 4):
 PSYoungGen      total 25600K, used 902K [0x00000000d5700000, 0x00000000d8900000, 0x0000000100000000)
  eden space 24576K, 0% used [0x00000000d5700000,0x00000000d5700000,0x00000000d6f00000)
  from space 1024K, 88% used [0x00000000d6f80000,0x00000000d7061ad0,0x00000000d7080000)
  to   space 13312K, 0% used [0x00000000d7c00000,0x00000000d7c00000,0x00000000d8900000)
 ParOldGen       total 87552K, used 36573K [0x0000000080400000, 0x0000000085980000, 0x00000000d5700000)
  object space 87552K, 41% used [0x0000000080400000,0x00000000827b7770,0x0000000085980000)
 Metaspace       used 19254K, capacity 19491K, committed 19712K, reserved 1067008K
  class space    used 2173K, capacity 2235K, committed 2304K, reserved 1048576K
}

