# JRE version: Java(TM) SE Runtime Environment (8.0_91-b14) (build 1.8.0_91-b14)
# Java VM: Java HotSpot(TM) 64-Bit Server VM (25.91-b14 mixed mode windows-amd64 compressed oops)
Heap:
 PSYoungGen      total 26624K, used 13549K [0x00000000d5700000, 0x00000000d7f80000, 0x0000000100000000)
  eden space 24064K, 45% used [0x00000000d5700000,0x00000000d61c30b8,0x00000000d6e80000)
  from space 2560K, 98% used [0x00000000d6e80000,0x00000000d70f8610,0x00000000d7100000)
  to   space 8704K, 0% used [0x00000000d7700000,0x00000000d7700000,0x00000000d7f80000)
 ParOldGen       total 87552K, used 24984K [0x0000000080400000, 0x0000000085980000, 0x00000000d5700000)
  object space 87552K, 28% used [0x0000000080400000,0x0000000081c66320,0x0000000085980000)
 Metaspace       used 19177K, capacity 19431K, committed 19712K, reserved 1067008K
  class space    used 2172K, capacity 2235K, committed 2304K, reserved 1048576K
GC Heap History (10 events):
Event: 135.831 GC heap before
{Heap before GC invocations=29 (full 4):
 PSYoungGen      total 34816K, used 27360K [0x00000000d5700000, 0x00000000d8480000, 0x0000000100000000)
  eden space 24064K, 100% used [0x00000000d5700000,0x00000000d6e80000,0x00000000d6e80000)
  from space 10752K, 30% used [0x00000000d7a00000,0x00000000d7d38320,0x00000000d8480000)
  to   space 11264K, 0% used [0x00000000d6e80000,0x00000000d6e80000,0x00000000d7980000)
 ParOldGen       total 87552K, used 24320K [0x0000000080400000, 0x0000000085980000, 0x00000000d5700000)
  object space 87552K, 27% used [0x0000000080400000,0x0000000081bc0320,0x0000000085980000)
 Metaspace       used 19173K, capacity 19431K, committed 19712K, reserved 1067008K
  class space    used 2172K, capacity 2235K, committed 2304K, reserved 1048576K
Event: 135.833 GC heap after
Heap after GC invocations=29 (full 4):
 PSYoungGen      total 27136K, used 2593K [0x00000000d5700000, 0x00000000d8380000, 0x0000000100000000)
  eden space 24064K, 0% used [0x00000000d5700000,0x00000000d5700000,0x00000000d6e80000)
  from space 3072K, 84% used [0x00000000d6e80000,0x00000000d7108610,0x00000000d7180000)
  to   space 10752K, 0% used [0x00000000d7900000,0x00000000d7900000,0x00000000d8380000)
 ParOldGen       total 87552K, used 24464K [0x0000000080400000, 0x0000000085980000, 0x00000000d5700000)
  object space 87552K, 27% used [0x0000000080400000,0x0000000081be4320,0x0000000085980000)
 Metaspace       used 19173K, capacity 19431K, committed 19712K, reserved 1067008K
  class space    used 2172K, capacity 2235K, committed 2304K, reserved 1048576K
}
Event: 138.856 GC heap before
{Heap before GC invocations=30 (full 4):
 PSYoungGen      total 27136K, used 26657K [0x00000000d5700000, 0x00000000d8380000, 0x0000000100000000)
  eden space 24064K, 100% used [0x00000000d5700000,0x00000000d6e80000,0x00000000d6e80000)
  from space 3072K, 84% used [0x00000000d6e80000,0x00000000d7108610,0x00000000d7180000)
  to   space 10752K, 0% used [0x00000000d7900000,0x00000000d7900000,0x00000000d8380000)
 ParOldGen       total 87552K, used 24464K [0x0000000080400000, 0x0000000085980000, 0x00000000d5700000)
  object space 87552K, 27% used [0x0000000080400000,0x0000000081be4320,0x0000000085980000)
 Metaspace       used 19173K, capacity 19431K, committed 19712K, reserved 1067008K
  class space    used 2172K, capacity 2235K, committed 2304K, reserved 1048576K
Event: 138.858 GC heap after
Heap after GC invocations=30 (full 4):
 PSYoungGen      total 33792K, used 1904K [0x00000000d5700000, 0x00000000d8280000, 0x0000000100000000)
  eden space 24064K, 0% used [0x00000000d5700000,0x00000000d5700000,0x00000000d6e80000)
  from space 9728K, 19% used [0x00000000d7900000,0x00000000d7adc190,0x00000000d8280000)
  to   space 10240K, 0% used [0x00000000d6e80000,0x00000000d6e80000,0x00000000d7880000)
 ParOldGen       total 87552K, used 24608K [0x0000000080400000, 0x0000000085980000, 0x00000000d5700000)
  object space 87552K, 28% used [0x0000000080400000,0x0000000081c08320,0x0000000085980000)
 Metaspace       used 19173K, capacity 19431K, committed 19712K, reserved 1067008K
  class space    used 2172K, capacity 2235K, committed 2304K, reserved 1048576K
}
Event: 141.886 GC heap before
{Heap before GC invocations=31 (full 4):
 PSYoungGen      total 33792K, used 25968K [0x00000000d5700000, 0x00000000d8280000, 0x0000000100000000)
  eden space 24064K, 100% used [0x00000000d5700000,0x00000000d6e80000,0x00000000d6e80000)
  from space 9728K, 19% used [0x00000000d7900000,0x00000000d7adc190,0x00000000d8280000)
  to   space 10240K, 0% used [0x00000000d6e80000,0x00000000d6e80000,0x00000000d7880000)
 ParOldGen       total 87552K, used 24608K [0x0000000080400000, 0x0000000085980000, 0x00000000d5700000)
  object space 87552K, 28% used [0x0000000080400000,0x0000000081c08320,0x0000000085980000)
 Metaspace       used 19176K, capacity 19431K, committed 19712K, reserved 1067008K
  class space    used 2172K, capacity 2235K, committed 2304K, reserved 1048576K
Event: 141.888 GC heap after
Heap after GC invocations=31 (full 4):
 PSYoungGen      total 25600K, used 1481K [0x00000000d5700000, 0x00000000d8180000, 0x0000000100000000)
  eden space 24064K, 0% used [0x00000000d5700000,0x00000000d5700000,0x00000000d6e80000)
  from space 1536K, 96% used [0x00000000d6e80000,0x00000000d6ff26c0,0x00000000d7000000)
  to   space 9728K, 0% used [0x00000000d7800000,0x00000000d7800000,0x00000000d8180000)
 ParOldGen       total 87552K, used 24720K [0x0000000080400000, 0x0000000085980000, 0x00000000d5700000)
  object space 87552K, 28% used [0x0000000080400000,0x0000000081c24320,0x0000000085980000)
 Metaspace       used 19176K, capacity 19431K, committed 19712K, reserved 1067008K
  class space    used 2172K, capacity 2235K, committed 2304K, reserved 1048576K
}
Event: 144.421 GC heap before
{Heap before GC invocations=32 (full 4):
 PSYoungGen      total 25600K, used 25545K [0x00000000d5700000, 0x00000000d8180000, 0x0000000100000000)
  eden space 24064K, 100% used [0x00000000d5700000,0x00000000d6e80000,0x00000000d6e80000)
  from space 1536K, 96% used [0x00000000d6e80000,0x00000000d6ff26c0,0x00000000d7000000)
  to   space 9728K, 0% used [0x00000000d7800000,0x00000000d7800000,0x00000000d8180000)
 ParOldGen       total 87552K, used 24720K [0x0000000080400000, 0x0000000085980000, 0x00000000d5700000)
  object space 87552K, 28% used [0x0000000080400000,0x0000000081c24320,0x0000000085980000)
 Metaspace       used 19176K, capacity 19431K, committed 19712K, reserved 1067008K
  class space    used 2172K, capacity 2235K, committed 2304K, reserved 1048576K
Event: 144.423 GC heap after
Heap after GC invocations=32 (full 4):
 PSYoungGen      total 32768K, used 3406K [0x00000000d5700000, 0x00000000d8080000, 0x0000000100000000)
  eden space 24064K, 0% used [0x00000000d5700000,0x00000000d5700000,0x00000000d6e80000)
  from space 8704K, 39% used [0x00000000d7800000,0x00000000d7b53bb0,0x00000000d8080000)
  to   space 9216K, 0% used [0x00000000d6e80000,0x00000000d6e80000,0x00000000d7780000)
 ParOldGen       total 87552K, used 24856K [0x0000000080400000, 0x0000000085980000, 0x00000000d5700000)
  object space 87552K, 28% used [0x0000000080400000,0x0000000081c46320,0x0000000085980000)
 Metaspace       used 19176K, capacity 19431K, committed 19712K, reserved 1067008K
  class space    used 2172K, capacity 2235K, committed 2304K, reserved 1048576K
}
Event: 147.446 GC heap before
{Heap before GC invocations=33 (full 4):
 PSYoungGen      total 32768K, used 27470K [0x00000000d5700000, 0x00000000d8080000, 0x0000000100000000)
  eden space 24064K, 100% used [0x00000000d5700000,0x00000000d6e80000,0x00000000d6e80000)
  from space 8704K, 39% used [0x00000000d7800000,0x00000000d7b53bb0,0x00000000d8080000)
  to   space 9216K, 0% used [0x00000000d6e80000,0x00000000d6e80000,0x00000000d7780000)
 ParOldGen       total 87552K, used 24856K [0x0000000080400000, 0x0000000085980000, 0x00000000d5700000)
  object space 87552K, 28% used [0x0000000080400000,0x0000000081c46320,0x0000000085980000)
 Metaspace       used 19176K, capacity 19431K, committed 19712K, reserved 1067008K
  class space    used 2172K, capacity 2235K, committed 2304K, reserved 1048576K
Event: 147.448 GC heap after
Heap after GC invocations=33 (full 4):
 PSYoungGen      total 26624K, used 2529K [0x00000000d5700000, 0x00000000d7f80000, 0x0000000100000000)
  eden space 24064K, 0% used [0x00000000d5700000,0x00000000d5700000,0x00000000d6e80000)
  from space 2560K, 98% used [0x00000000d6e80000,0x00000000d70f8610,0x00000000d7100000)
  to   space 8704K, 0% used [0x00000000d7700000,0x00000000d7700000,0x00000000d7f80000)
 ParOldGen       total 87552K, used 24984K [0x0000000080400000, 0x0000000085980000, 0x00000000d5700000)
  object space 87552K, 28% used [0x0000000080400000,0x0000000081c66320,0x0000000085980000)
 Metaspace       used 19176K, capacity 19431K, committed 19712K, reserved 1067008K
  class space    used 2172K, capacity 2235K, committed 2304K, reserved 1048576K
}

