# JRE version: Java(TM) SE Runtime Environment (8.0_91-b14) (build 1.8.0_91-b14)
# Java VM: Java HotSpot(TM) 64-Bit Server VM (25.91-b14 mixed mode windows-amd64 compressed oops)
Heap:
 PSYoungGen      total 43008K, used 27739K [0x00000000d5700000, 0x00000000d9f00000, 0x0000000100000000)
  eden space 40960K, 63% used [0x00000000d5700000,0x00000000d704a3e0,0x00000000d7f00000)
  from space 2048K, 89% used [0x00000000d8000000,0x00000000d81ccb30,0x00000000d8200000)
  to   space 16384K, 0% used [0x00000000d8f00000,0x00000000d8f00000,0x00000000d9f00000)
 ParOldGen       total 87552K, used 36285K [0x0000000080400000, 0x0000000085980000, 0x00000000d5700000)
  object space 87552K, 41% used [0x0000000080400000,0x000000008276f520,0x0000000085980000)
 Metaspace       used 19234K, capacity 19495K, committed 19712K, reserved 1067008K
  class space    used 2173K, capacity 2235K, committed 2304K, reserved 1048576K
GC Heap History (10 events):
Event: 115.449 GC heap before
{Heap before GC invocations=23 (full 3):
 PSYoungGen      total 46592K, used 46370K [0x00000000d5700000, 0x00000000da700000, 0x0000000100000000)
  eden space 44032K, 100% used [0x00000000d5700000,0x00000000d8200000,0x00000000d8200000)
  from space 2560K, 91% used [0x00000000d8300000,0x00000000d8548900,0x00000000d8580000)
  to   space 18944K, 0% used [0x00000000d9480000,0x00000000d9480000,0x00000000da700000)
 ParOldGen       total 87552K, used 39322K [0x0000000080400000, 0x0000000085980000, 0x00000000d5700000)
  object space 87552K, 44% used [0x0000000080400000,0x0000000082a66bb0,0x0000000085980000)
 Metaspace       used 19217K, capacity 19495K, committed 19712K, reserved 1067008K
  class space    used 2172K, capacity 2235K, committed 2304K, reserved 1048576K
Event: 115.451 GC heap after
Heap after GC invocations=23 (full 3):
 PSYoungGen      total 59904K, used 1787K [0x00000000d5700000, 0x00000000da500000, 0x0000000100000000)
  eden space 43008K, 0% used [0x00000000d5700000,0x00000000d5700000,0x00000000d8100000)
  from space 16896K, 10% used [0x00000000d9480000,0x00000000d963ee30,0x00000000da500000)
  to   space 18432K, 0% used [0x00000000d8100000,0x00000000d8100000,0x00000000d9300000)
 ParOldGen       total 87552K, used 39474K [0x0000000080400000, 0x0000000085980000, 0x00000000d5700000)
  object space 87552K, 45% used [0x0000000080400000,0x0000000082a8cbb0,0x0000000085980000)
 Metaspace       used 19217K, capacity 19495K, committed 19712K, reserved 1067008K
  class space    used 2172K, capacity 2235K, committed 2304K, reserved 1048576K
}
Event: 124.498 GC heap before
{Heap before GC invocations=24 (full 3):
 PSYoungGen      total 59904K, used 37920K [0x00000000d5700000, 0x00000000da500000, 0x0000000100000000)
  eden space 43008K, 84% used [0x00000000d5700000,0x00000000d7a49598,0x00000000d8100000)
  from space 16896K, 10% used [0x00000000d9480000,0x00000000d963ee30,0x00000000da500000)
  to   space 18432K, 0% used [0x00000000d8100000,0x00000000d8100000,0x00000000d9300000)
 ParOldGen       total 87552K, used 39474K [0x0000000080400000, 0x0000000085980000, 0x00000000d5700000)
  object space 87552K, 45% used [0x0000000080400000,0x0000000082a8cbb0,0x0000000085980000)
 Metaspace       used 19229K, capacity 19495K, committed 19712K, reserved 1067008K
  class space    used 2173K, capacity 2235K, committed 2304K, reserved 1048576K
Event: 124.500 GC heap after
Heap after GC invocations=24 (full 3):
 PSYoungGen      total 44544K, used 1531K [0x00000000d5700000, 0x00000000da400000, 0x0000000100000000)
  eden space 43008K, 0% used [0x00000000d5700000,0x00000000d5700000,0x00000000d8100000)
  from space 1536K, 99% used [0x00000000d8100000,0x00000000d827ee30,0x00000000d8280000)
  to   space 17920K, 0% used [0x00000000d9280000,0x00000000d9280000,0x00000000da400000)
 ParOldGen       total 87552K, used 39746K [0x0000000080400000, 0x0000000085980000, 0x00000000d5700000)
  object space 87552K, 45% used [0x0000000080400000,0x0000000082ad0bb0,0x0000000085980000)
 Metaspace       used 19229K, capacity 19495K, committed 19712K, reserved 1067008K
  class space    used 2173K, capacity 2235K, committed 2304K, reserved 1048576K
}
Event: 124.500 GC heap before
{Heap before GC invocations=25 (full 4):
 PSYoungGen      total 44544K, used 1531K [0x00000000d5700000, 0x00000000da400000, 0x0000000100000000)
  eden space 43008K, 0% used [0x00000000d5700000,0x00000000d5700000,0x00000000d8100000)
  from space 1536K, 99% used [0x00000000d8100000,0x00000000d827ee30,0x00000000d8280000)
  to   space 17920K, 0% used [0x00000000d9280000,0x00000000d9280000,0x00000000da400000)
 ParOldGen       total 87552K, used 39746K [0x0000000080400000, 0x0000000085980000, 0x00000000d5700000)
  object space 87552K, 45% used [0x0000000080400000,0x0000000082ad0bb0,0x0000000085980000)
 Metaspace       used 19229K, capacity 19495K, committed 19712K, reserved 1067008K
  class space    used 2173K, capacity 2235K, committed 2304K, reserved 1048576K
Event: 124.542 GC heap after
Heap after GC invocations=25 (full 4):
 PSYoungGen      total 44544K, used 0K [0x00000000d5700000, 0x00000000da400000, 0x0000000100000000)
  eden space 43008K, 0% used [0x00000000d5700000,0x00000000d5700000,0x00000000d8100000)
  from space 1536K, 0% used [0x00000000d8100000,0x00000000d8100000,0x00000000d8280000)
  to   space 17920K, 0% used [0x00000000d9280000,0x00000000d9280000,0x00000000da400000)
 ParOldGen       total 87552K, used 36124K [0x0000000080400000, 0x0000000085980000, 0x00000000d5700000)
  object space 87552K, 41% used [0x0000000080400000,0x00000000827472c0,0x0000000085980000)
 Metaspace       used 19229K, capacity 19495K, committed 19712K, reserved 1067008K
  class space    used 2173K, capacity 2235K, committed 2304K, reserved 1048576K
}
Event: 135.077 GC heap before
{Heap before GC invocations=26 (full 4):
 PSYoungGen      total 44544K, used 43008K [0x00000000d5700000, 0x00000000da400000, 0x0000000100000000)
  eden space 43008K, 100% used [0x00000000d5700000,0x00000000d8100000,0x00000000d8100000)
  from space 1536K, 0% used [0x00000000d8100000,0x00000000d8100000,0x00000000d8280000)
  to   space 17920K, 0% used [0x00000000d9280000,0x00000000d9280000,0x00000000da400000)
 ParOldGen       total 87552K, used 36124K [0x0000000080400000, 0x0000000085980000, 0x00000000d5700000)
  object space 87552K, 41% used [0x0000000080400000,0x00000000827472c0,0x0000000085980000)
 Metaspace       used 19230K, capacity 19495K, committed 19712K, reserved 1067008K
  class space    used 2173K, capacity 2235K, committed 2304K, reserved 1048576K
Event: 135.080 GC heap after
Heap after GC invocations=26 (full 4):
 PSYoungGen      total 56832K, used 2536K [0x00000000d5700000, 0x00000000da100000, 0x0000000100000000)
  eden space 41984K, 0% used [0x00000000d5700000,0x00000000d5700000,0x00000000d8000000)
  from space 14848K, 17% used [0x00000000d9280000,0x00000000d94fa3d0,0x00000000da100000)
  to   space 16896K, 0% used [0x00000000d8000000,0x00000000d8000000,0x00000000d9080000)
 ParOldGen       total 87552K, used 36124K [0x0000000080400000, 0x0000000085980000, 0x00000000d5700000)
  object space 87552K, 41% used [0x0000000080400000,0x00000000827472c0,0x0000000085980000)
 Metaspace       used 19230K, capacity 19495K, committed 19712K, reserved 1067008K
  class space    used 2173K, capacity 2235K, committed 2304K, reserved 1048576K
}
Event: 145.120 GC heap before
{Heap before GC invocations=27 (full 4):
 PSYoungGen      total 56832K, used 44520K [0x00000000d5700000, 0x00000000da100000, 0x0000000100000000)
  eden space 41984K, 100% used [0x00000000d5700000,0x00000000d8000000,0x00000000d8000000)
  from space 14848K, 17% used [0x00000000d9280000,0x00000000d94fa3d0,0x00000000da100000)
  to   space 16896K, 0% used [0x00000000d8000000,0x00000000d8000000,0x00000000d9080000)
 ParOldGen       total 87552K, used 36124K [0x0000000080400000, 0x0000000085980000, 0x00000000d5700000)
  object space 87552K, 41% used [0x0000000080400000,0x00000000827472c0,0x0000000085980000)
 Metaspace       used 19232K, capacity 19495K, committed 19712K, reserved 1067008K
  class space    used 2173K, capacity 2235K, committed 2304K, reserved 1048576K
Event: 145.122 GC heap after
Heap after GC invocations=27 (full 4):
 PSYoungGen      total 43008K, used 1842K [0x00000000d5700000, 0x00000000d9f00000, 0x0000000100000000)
  eden space 40960K, 0% used [0x00000000d5700000,0x00000000d5700000,0x00000000d7f00000)
  from space 2048K, 89% used [0x00000000d8000000,0x00000000d81ccb30,0x00000000d8200000)
  to   space 16384K, 0% used [0x00000000d8f00000,0x00000000d8f00000,0x00000000d9f00000)
 ParOldGen       total 87552K, used 36285K [0x0000000080400000, 0x0000000085980000, 0x00000000d5700000)
  object space 87552K, 41% used [0x0000000080400000,0x000000008276f520,0x0000000085980000)
 Metaspace       used 19232K, capacity 19495K, committed 19712K, reserved 1067008K
  class space    used 2173K, capacity 2235K, committed 2304K, reserved 1048576K
}

