# JRE version: Java(TM) SE Runtime Environment (8.0_91-b14) (build 1.8.0_91-b14)
# Java VM: Java HotSpot(TM) 64-Bit Server VM (25.91-b14 mixed mode windows-amd64 compressed oops)
Heap:
 PSYoungGen      total 12800K, used 172K [0x00000000d5700000, 0x00000000d6780000, 0x0000000100000000)
  eden space 8704K, 1% used [0x00000000d5700000,0x00000000d572b0e8,0x00000000d5f80000)
  from space 4096K, 0% used [0x00000000d5f80000,0x00000000d5f80000,0x00000000d6380000)
  to   space 4096K, 0% used [0x00000000d6380000,0x00000000d6380000,0x00000000d6780000)
 ParOldGen       total 335360K, used 296653K [0x0000000080400000, 0x0000000094b80000, 0x00000000d5700000)
  object space 335360K, 88% used [0x0000000080400000,0x00000000925b3798,0x0000000094b80000)
 Metaspace       used 19497K, capacity 19753K, committed 19968K, reserved 1067008K
  class space    used 2172K, capacity 2236K, committed 2304K, reserved 1048576K
GC Heap History (10 events):
Event: 1501.986 GC heap before
{Heap before GC invocations=933 (full 57):
 PSYoungGen      total 11776K, used 8114K [0x00000000d5700000, 0x00000000d6700000, 0x0000000100000000)
  eden space 7168K, 97% used [0x00000000d5700000,0x00000000d5dd4ed0,0x00000000d5e00000)
  from space 4608K, 24% used [0x00000000d5e00000,0x00000000d5f17ce0,0x00000000d6280000)
  to   space 4608K, 0% used [0x00000000d6280000,0x00000000d6280000,0x00000000d6700000)
 ParOldGen       total 335360K, used 297062K [0x0000000080400000, 0x0000000094b80000, 0x00000000d5700000)
  object space 335360K, 88% used [0x0000000080400000,0x0000000092619820,0x0000000094b80000)
 Metaspace       used 19497K, capacity 19753K, committed 19968K, reserved 1067008K
  class space    used 2172K, capacity 2236K, committed 2304K, reserved 1048576K
Event: 1501.988 GC heap after
Heap after GC invocations=933 (full 57):
 PSYoungGen      total 10752K, used 833K [0x00000000d5700000, 0x00000000d6600000, 0x0000000100000000)
  eden space 7168K, 0% used [0x00000000d5700000,0x00000000d5700000,0x00000000d5e00000)
  from space 3584K, 23% used [0x00000000d6280000,0x00000000d6350440,0x00000000d6600000)
  to   space 4096K, 0% used [0x00000000d5e00000,0x00000000d5e00000,0x00000000d6200000)
 ParOldGen       total 335360K, used 297156K [0x0000000080400000, 0x0000000094b80000, 0x00000000d5700000)
  object space 335360K, 88% used [0x0000000080400000,0x00000000926310b0,0x0000000094b80000)
 Metaspace       used 19497K, capacity 19753K, committed 19968K, reserved 1067008K
  class space    used 2172K, capacity 2236K, committed 2304K, reserved 1048576K
}
Event: 1502.040 GC heap before
{Heap before GC invocations=934 (full 57):
 PSYoungGen      total 10752K, used 8001K [0x00000000d5700000, 0x00000000d6600000, 0x0000000100000000)
  eden space 7168K, 100% used [0x00000000d5700000,0x00000000d5e00000,0x00000000d5e00000)
  from space 3584K, 23% used [0x00000000d6280000,0x00000000d6350440,0x00000000d6600000)
  to   space 4096K, 0% used [0x00000000d5e00000,0x00000000d5e00000,0x00000000d6200000)
 ParOldGen       total 335360K, used 297156K [0x0000000080400000, 0x0000000094b80000, 0x00000000d5700000)
  object space 335360K, 88% used [0x0000000080400000,0x00000000926310b0,0x0000000094b80000)
 Metaspace       used 19497K, capacity 19753K, committed 19968K, reserved 1067008K
  class space    used 2172K, capacity 2236K, committed 2304K, reserved 1048576K
Event: 1502.042 GC heap after
Heap after GC invocations=934 (full 57):
 PSYoungGen      total 11264K, used 416K [0x00000000d5700000, 0x00000000d6880000, 0x0000000100000000)
  eden space 7168K, 0% used [0x00000000d5700000,0x00000000d5700000,0x00000000d5e00000)
  from space 4096K, 10% used [0x00000000d5e00000,0x00000000d5e68010,0x00000000d6200000)
  to   space 4608K, 0% used [0x00000000d6400000,0x00000000d6400000,0x00000000d6880000)
 ParOldGen       total 335360K, used 297268K [0x0000000080400000, 0x0000000094b80000, 0x00000000d5700000)
  object space 335360K, 88% used [0x0000000080400000,0x000000009264d0b0,0x0000000094b80000)
 Metaspace       used 19497K, capacity 19753K, committed 19968K, reserved 1067008K
  class space    used 2172K, capacity 2236K, committed 2304K, reserved 1048576K
}
Event: 1502.233 GC heap before
{Heap before GC invocations=935 (full 57):
 PSYoungGen      total 11264K, used 7579K [0x00000000d5700000, 0x00000000d6880000, 0x0000000100000000)
  eden space 7168K, 99% used [0x00000000d5700000,0x00000000d5dfece8,0x00000000d5e00000)
  from space 4096K, 10% used [0x00000000d5e00000,0x00000000d5e68010,0x00000000d6200000)
  to   space 4608K, 0% used [0x00000000d6400000,0x00000000d6400000,0x00000000d6880000)
 ParOldGen       total 335360K, used 297268K [0x0000000080400000, 0x0000000094b80000, 0x00000000d5700000)
  object space 335360K, 88% used [0x0000000080400000,0x000000009264d0b0,0x0000000094b80000)
 Metaspace       used 19497K, capacity 19753K, committed 19968K, reserved 1067008K
  class space    used 2172K, capacity 2236K, committed 2304K, reserved 1048576K
Event: 1502.235 GC heap after
Heap after GC invocations=935 (full 57):
 PSYoungGen      total 12288K, used 842K [0x00000000d5700000, 0x00000000d6780000, 0x0000000100000000)
  eden space 8704K, 0% used [0x00000000d5700000,0x00000000d5700000,0x00000000d5f80000)
  from space 3584K, 23% used [0x00000000d6400000,0x00000000d64d29b0,0x00000000d6780000)
  to   space 4096K, 0% used [0x00000000d5f80000,0x00000000d5f80000,0x00000000d6380000)
 ParOldGen       total 335360K, used 297276K [0x0000000080400000, 0x0000000094b80000, 0x00000000d5700000)
  object space 335360K, 88% used [0x0000000080400000,0x000000009264f0b0,0x0000000094b80000)
 Metaspace       used 19497K, capacity 19753K, committed 19968K, reserved 1067008K
  class space    used 2172K, capacity 2236K, committed 2304K, reserved 1048576K
}
Event: 1505.883 GC heap before
{Heap before GC invocations=936 (full 57):
 PSYoungGen      total 12288K, used 6271K [0x00000000d5700000, 0x00000000d6780000, 0x0000000100000000)
  eden space 8704K, 62% used [0x00000000d5700000,0x00000000d5c4d608,0x00000000d5f80000)
  from space 3584K, 23% used [0x00000000d6400000,0x00000000d64d29b0,0x00000000d6780000)
  to   space 4096K, 0% used [0x00000000d5f80000,0x00000000d5f80000,0x00000000d6380000)
 ParOldGen       total 335360K, used 297276K [0x0000000080400000, 0x0000000094b80000, 0x00000000d5700000)
  object space 335360K, 88% used [0x0000000080400000,0x000000009264f0b0,0x0000000094b80000)
 Metaspace       used 19497K, capacity 19753K, committed 19968K, reserved 1067008K
  class space    used 2172K, capacity 2236K, committed 2304K, reserved 1048576K
Event: 1505.884 GC heap after
Heap after GC invocations=936 (full 57):
 PSYoungGen      total 12800K, used 536K [0x00000000d5700000, 0x00000000d6780000, 0x0000000100000000)
  eden space 8704K, 0% used [0x00000000d5700000,0x00000000d5700000,0x00000000d5f80000)
  from space 4096K, 13% used [0x00000000d5f80000,0x00000000d6006240,0x00000000d6380000)
  to   space 4096K, 0% used [0x00000000d6380000,0x00000000d6380000,0x00000000d6780000)
 ParOldGen       total 335360K, used 298022K [0x0000000080400000, 0x0000000094b80000, 0x00000000d5700000)
  object space 335360K, 88% used [0x0000000080400000,0x0000000092709b10,0x0000000094b80000)
 Metaspace       used 19497K, capacity 19753K, committed 19968K, reserved 1067008K
  class space    used 2172K, capacity 2236K, committed 2304K, reserved 1048576K
}
Event: 1505.884 GC heap before
{Heap before GC invocations=937 (full 58):
 PSYoungGen      total 12800K, used 536K [0x00000000d5700000, 0x00000000d6780000, 0x0000000100000000)
  eden space 8704K, 0% used [0x00000000d5700000,0x00000000d5700000,0x00000000d5f80000)
  from space 4096K, 13% used [0x00000000d5f80000,0x00000000d6006240,0x00000000d6380000)
  to   space 4096K, 0% used [0x00000000d6380000,0x00000000d6380000,0x00000000d6780000)
 ParOldGen       total 335360K, used 298022K [0x0000000080400000, 0x0000000094b80000, 0x00000000d5700000)
  object space 335360K, 88% used [0x0000000080400000,0x0000000092709b10,0x0000000094b80000)
 Metaspace       used 19497K, capacity 19753K, committed 19968K, reserved 1067008K
  class space    used 2172K, capacity 2236K, committed 2304K, reserved 1048576K
Event: 1505.962 GC heap after
Heap after GC invocations=937 (full 58):
 PSYoungGen      total 12800K, used 0K [0x00000000d5700000, 0x00000000d6780000, 0x0000000100000000)
  eden space 8704K, 0% used [0x00000000d5700000,0x00000000d5700000,0x00000000d5f80000)
  from space 4096K, 0% used [0x00000000d5f80000,0x00000000d5f80000,0x00000000d6380000)
  to   space 4096K, 0% used [0x00000000d6380000,0x00000000d6380000,0x00000000d6780000)
 ParOldGen       total 335360K, used 296653K [0x0000000080400000, 0x0000000094b80000, 0x00000000d5700000)
  object space 335360K, 88% used [0x0000000080400000,0x00000000925b3798,0x0000000094b80000)
 Metaspace       used 19497K, capacity 19753K, committed 19968K, reserved 1067008K
  class space    used 2172K, capacity 2236K, committed 2304K, reserved 1048576K
}

