# JRE version: Java(TM) SE Runtime Environment (8.0_91-b14) (build 1.8.0_91-b14)
# Java VM: Java HotSpot(TM) 64-Bit Server VM (25.91-b14 mixed mode windows-amd64 compressed oops)
Heap:
 PSYoungGen      total 37888K, used 16096K [0x00000000d5700000, 0x00000000d9680000, 0x0000000100000000)
  eden space 12288K, 38% used [0x00000000d5700000,0x00000000d5ba53e0,0x00000000d6300000)
  from space 25600K, 44% used [0x00000000d6300000,0x00000000d6e12c38,0x00000000d7c00000)
  to   space 25088K, 0% used [0x00000000d7e00000,0x00000000d7e00000,0x00000000d9680000)
 ParOldGen       total 163328K, used 125955K [0x0000000080400000, 0x000000008a380000, 0x00000000d5700000)
  object space 163328K, 77% used [0x0000000080400000,0x0000000087f00f10,0x000000008a380000)
 Metaspace       used 19404K, capacity 19715K, committed 19968K, reserved 1067008K
  class space    used 2177K, capacity 2267K, committed 2304K, reserved 1048576K
GC Heap History (10 events):
Event: 536.811 GC heap before
{Heap before GC invocations=202 (full 19):
 PSYoungGen      total 34304K, used 8192K [0x00000000d5700000, 0x00000000d9400000, 0x0000000100000000)
  eden space 8192K, 100% used [0x00000000d5700000,0x00000000d5f00000,0x00000000d5f00000)
  from space 26112K, 0% used [0x00000000d7a80000,0x00000000d7a80000,0x00000000d9400000)
  to   space 27136K, 0% used [0x00000000d5f00000,0x00000000d5f00000,0x00000000d7980000)
 ParOldGen       total 163328K, used 121912K [0x0000000080400000, 0x000000008a380000, 0x00000000d5700000)
  object space 163328K, 74% used [0x0000000080400000,0x0000000087b0e098,0x000000008a380000)
 Metaspace       used 19402K, capacity 19715K, committed 19968K, reserved 1067008K
  class space    used 2177K, capacity 2267K, committed 2304K, reserved 1048576K
Event: 536.812 GC heap after
Heap after GC invocations=202 (full 19):
 PSYoungGen      total 35328K, used 366K [0x00000000d5700000, 0x00000000d9600000, 0x0000000100000000)
  eden space 8192K, 0% used [0x00000000d5700000,0x00000000d5700000,0x00000000d5f00000)
  from space 27136K, 1% used [0x00000000d5f00000,0x00000000d5f5b890,0x00000000d7980000)
  to   space 27136K, 0% used [0x00000000d7b80000,0x00000000d7b80000,0x00000000d9600000)
 ParOldGen       total 163328K, used 121912K [0x0000000080400000, 0x000000008a380000, 0x00000000d5700000)
  object space 163328K, 74% used [0x0000000080400000,0x0000000087b0e098,0x000000008a380000)
 Metaspace       used 19402K, capacity 19715K, committed 19968K, reserved 1067008K
  class space    used 2177K, capacity 2267K, committed 2304K, reserved 1048576K
}
Event: 536.880 GC heap before
{Heap before GC invocations=203 (full 19):
 PSYoungGen      total 35328K, used 8494K [0x00000000d5700000, 0x00000000d9600000, 0x0000000100000000)
  eden space 8192K, 99% used [0x00000000d5700000,0x00000000d5ef0288,0x00000000d5f00000)
  from space 27136K, 1% used [0x00000000d5f00000,0x00000000d5f5b890,0x00000000d7980000)
  to   space 27136K, 0% used [0x00000000d7b80000,0x00000000d7b80000,0x00000000d9600000)
 ParOldGen       total 163328K, used 121912K [0x0000000080400000, 0x000000008a380000, 0x00000000d5700000)
  object space 163328K, 74% used [0x0000000080400000,0x0000000087b0e098,0x000000008a380000)
 Metaspace       used 19403K, capacity 19715K, committed 19968K, reserved 1067008K
  class space    used 2177K, capacity 2267K, committed 2304K, reserved 1048576K
Event: 536.881 GC heap after
Heap after GC invocations=203 (full 19):
 PSYoungGen      total 37376K, used 883K [0x00000000d5700000, 0x00000000d9600000, 0x0000000100000000)
  eden space 10240K, 0% used [0x00000000d5700000,0x00000000d5700000,0x00000000d6100000)
  from space 27136K, 3% used [0x00000000d7b80000,0x00000000d7c5ced0,0x00000000d9600000)
  to   space 27136K, 0% used [0x00000000d6100000,0x00000000d6100000,0x00000000d7b80000)
 ParOldGen       total 163328K, used 121912K [0x0000000080400000, 0x000000008a380000, 0x00000000d5700000)
  object space 163328K, 74% used [0x0000000080400000,0x0000000087b0e098,0x000000008a380000)
 Metaspace       used 19403K, capacity 19715K, committed 19968K, reserved 1067008K
  class space    used 2177K, capacity 2267K, committed 2304K, reserved 1048576K
}
Event: 537.040 GC heap before
{Heap before GC invocations=204 (full 19):
 PSYoungGen      total 37376K, used 11123K [0x00000000d5700000, 0x00000000d9600000, 0x0000000100000000)
  eden space 10240K, 100% used [0x00000000d5700000,0x00000000d6100000,0x00000000d6100000)
  from space 27136K, 3% used [0x00000000d7b80000,0x00000000d7c5ced0,0x00000000d9600000)
  to   space 27136K, 0% used [0x00000000d6100000,0x00000000d6100000,0x00000000d7b80000)
 ParOldGen       total 163328K, used 121912K [0x0000000080400000, 0x000000008a380000, 0x00000000d5700000)
  object space 163328K, 74% used [0x0000000080400000,0x0000000087b0e098,0x000000008a380000)
 Metaspace       used 19403K, capacity 19715K, committed 19968K, reserved 1067008K
  class space    used 2177K, capacity 2267K, committed 2304K, reserved 1048576K
Event: 537.042 GC heap after
Heap after GC invocations=204 (full 19):
 PSYoungGen      total 37376K, used 1948K [0x00000000d5700000, 0x00000000d9700000, 0x0000000100000000)
  eden space 10240K, 0% used [0x00000000d5700000,0x00000000d5700000,0x00000000d6100000)
  from space 27136K, 7% used [0x00000000d6100000,0x00000000d62e71c0,0x00000000d7b80000)
  to   space 26624K, 0% used [0x00000000d7d00000,0x00000000d7d00000,0x00000000d9700000)
 ParOldGen       total 163328K, used 122158K [0x0000000080400000, 0x000000008a380000, 0x00000000d5700000)
  object space 163328K, 74% used [0x0000000080400000,0x0000000087b4b928,0x000000008a380000)
 Metaspace       used 19403K, capacity 19715K, committed 19968K, reserved 1067008K
  class space    used 2177K, capacity 2267K, committed 2304K, reserved 1048576K
}
Event: 537.222 GC heap before
{Heap before GC invocations=205 (full 19):
 PSYoungGen      total 37376K, used 12188K [0x00000000d5700000, 0x00000000d9700000, 0x0000000100000000)
  eden space 10240K, 100% used [0x00000000d5700000,0x00000000d6100000,0x00000000d6100000)
  from space 27136K, 7% used [0x00000000d6100000,0x00000000d62e71c0,0x00000000d7b80000)
  to   space 26624K, 0% used [0x00000000d7d00000,0x00000000d7d00000,0x00000000d9700000)
 ParOldGen       total 163328K, used 122158K [0x0000000080400000, 0x000000008a380000, 0x00000000d5700000)
  object space 163328K, 74% used [0x0000000080400000,0x0000000087b4b928,0x000000008a380000)
 Metaspace       used 19404K, capacity 19715K, committed 19968K, reserved 1067008K
  class space    used 2177K, capacity 2267K, committed 2304K, reserved 1048576K
Event: 537.225 GC heap after
Heap after GC invocations=205 (full 19):
 PSYoungGen      total 36864K, used 2072K [0x00000000d5700000, 0x00000000d9500000, 0x0000000100000000)
  eden space 12288K, 0% used [0x00000000d5700000,0x00000000d5700000,0x00000000d6300000)
  from space 24576K, 8% used [0x00000000d7d00000,0x00000000d7f06240,0x00000000d9500000)
  to   space 25600K, 0% used [0x00000000d6300000,0x00000000d6300000,0x00000000d7c00000)
 ParOldGen       total 163328K, used 124043K [0x0000000080400000, 0x000000008a380000, 0x00000000d5700000)
  object space 163328K, 75% used [0x0000000080400000,0x0000000087d22cd0,0x000000008a380000)
 Metaspace       used 19404K, capacity 19715K, committed 19968K, reserved 1067008K
  class space    used 2177K, capacity 2267K, committed 2304K, reserved 1048576K
}
Event: 537.368 GC heap before
{Heap before GC invocations=206 (full 19):
 PSYoungGen      total 36864K, used 14360K [0x00000000d5700000, 0x00000000d9500000, 0x0000000100000000)
  eden space 12288K, 100% used [0x00000000d5700000,0x00000000d6300000,0x00000000d6300000)
  from space 24576K, 8% used [0x00000000d7d00000,0x00000000d7f06240,0x00000000d9500000)
  to   space 25600K, 0% used [0x00000000d6300000,0x00000000d6300000,0x00000000d7c00000)
 ParOldGen       total 163328K, used 124043K [0x0000000080400000, 0x000000008a380000, 0x00000000d5700000)
  object space 163328K, 75% used [0x0000000080400000,0x0000000087d22cd0,0x000000008a380000)
 Metaspace       used 19404K, capacity 19715K, committed 19968K, reserved 1067008K
  class space    used 2177K, capacity 2267K, committed 2304K, reserved 1048576K
Event: 537.372 GC heap after
Heap after GC invocations=206 (full 19):
 PSYoungGen      total 37888K, used 11339K [0x00000000d5700000, 0x00000000d9680000, 0x0000000100000000)
  eden space 12288K, 0% used [0x00000000d5700000,0x00000000d5700000,0x00000000d6300000)
  from space 25600K, 44% used [0x00000000d6300000,0x00000000d6e12c38,0x00000000d7c00000)
  to   space 25088K, 0% used [0x00000000d7e00000,0x00000000d7e00000,0x00000000d9680000)
 ParOldGen       total 163328K, used 125955K [0x0000000080400000, 0x000000008a380000, 0x00000000d5700000)
  object space 163328K, 77% used [0x0000000080400000,0x0000000087f00f10,0x000000008a380000)
 Metaspace       used 19404K, capacity 19715K, committed 19968K, reserved 1067008K
  class space    used 2177K, capacity 2267K, committed 2304K, reserved 1048576K
}

