# JRE version: Java(TM) SE Runtime Environment (8.0_91-b14) (build 1.8.0_91-b14)
# Java VM: Java HotSpot(TM) 64-Bit Server VM (25.91-b14 mixed mode windows-amd64 compressed oops)
Heap:
 PSYoungGen      total 40960K, used 10292K [0x00000000d5700000, 0x00000000d8f80000, 0x0000000100000000)
  eden space 26112K, 36% used [0x00000000d5700000,0x00000000d6056240,0x00000000d7080000)
  from space 14848K, 4% used [0x00000000d8100000,0x00000000d81b7120,0x00000000d8f80000)
  to   space 15872K, 0% used [0x00000000d7080000,0x00000000d7080000,0x00000000d8000000)
 ParOldGen       total 87552K, used 38062K [0x0000000080400000, 0x0000000085980000, 0x00000000d5700000)
  object space 87552K, 43% used [0x0000000080400000,0x000000008292bbf8,0x0000000085980000)
 Metaspace       used 19225K, capacity 19495K, committed 19712K, reserved 1067008K
  class space    used 2171K, capacity 2235K, committed 2304K, reserved 1048576K
GC Heap History (10 events):
Event: 123.609 GC heap before
{Heap before GC invocations=20 (full 3):
 PSYoungGen      total 45056K, used 28270K [0x00000000d5700000, 0x00000000d9600000, 0x0000000100000000)
  eden space 27648K, 100% used [0x00000000d5700000,0x00000000d7200000,0x00000000d7200000)
  from space 17408K, 3% used [0x00000000d8500000,0x00000000d859b890,0x00000000d9600000)
  to   space 18432K, 0% used [0x00000000d7200000,0x00000000d7200000,0x00000000d8400000)
 ParOldGen       total 87552K, used 38656K [0x0000000080400000, 0x0000000085980000, 0x00000000d5700000)
  object space 87552K, 44% used [0x0000000080400000,0x00000000829c01d0,0x0000000085980000)
 Metaspace       used 19216K, capacity 19495K, committed 19712K, reserved 1067008K
  class space    used 2171K, capacity 2235K, committed 2304K, reserved 1048576K
Event: 123.611 GC heap after
Heap after GC invocations=20 (full 3):
 PSYoungGen      total 28160K, used 622K [0x00000000d5700000, 0x00000000d9480000, 0x0000000100000000)
  eden space 27136K, 0% used [0x00000000d5700000,0x00000000d5700000,0x00000000d7180000)
  from space 1024K, 60% used [0x00000000d7200000,0x00000000d729b890,0x00000000d7300000)
  to   space 17920K, 0% used [0x00000000d8300000,0x00000000d8300000,0x00000000d9480000)
 ParOldGen       total 87552K, used 38696K [0x0000000080400000, 0x0000000085980000, 0x00000000d5700000)
  object space 87552K, 44% used [0x0000000080400000,0x00000000829ca1d0,0x0000000085980000)
 Metaspace       used 19216K, capacity 19495K, committed 19712K, reserved 1067008K
  class space    used 2171K, capacity 2235K, committed 2304K, reserved 1048576K
}
Event: 124.343 GC heap before
{Heap before GC invocations=21 (full 3):
 PSYoungGen      total 28160K, used 2916K [0x00000000d5700000, 0x00000000d9480000, 0x0000000100000000)
  eden space 27136K, 8% used [0x00000000d5700000,0x00000000d593d8b0,0x00000000d7180000)
  from space 1024K, 60% used [0x00000000d7200000,0x00000000d729b890,0x00000000d7300000)
  to   space 17920K, 0% used [0x00000000d8300000,0x00000000d8300000,0x00000000d9480000)
 ParOldGen       total 87552K, used 38696K [0x0000000080400000, 0x0000000085980000, 0x00000000d5700000)
  object space 87552K, 44% used [0x0000000080400000,0x00000000829ca1d0,0x0000000085980000)
 Metaspace       used 19216K, capacity 19495K, committed 19712K, reserved 1067008K
  class space    used 2171K, capacity 2235K, committed 2304K, reserved 1048576K
Event: 124.345 GC heap after
Heap after GC invocations=21 (full 3):
 PSYoungGen      total 44032K, used 160K [0x00000000d5700000, 0x00000000d9380000, 0x0000000100000000)
  eden space 27136K, 0% used [0x00000000d5700000,0x00000000d5700000,0x00000000d7180000)
  from space 16896K, 0% used [0x00000000d8300000,0x00000000d8328000,0x00000000d9380000)
  to   space 17408K, 0% used [0x00000000d7180000,0x00000000d7180000,0x00000000d8280000)
 ParOldGen       total 87552K, used 38952K [0x0000000080400000, 0x0000000085980000, 0x00000000d5700000)
  object space 87552K, 44% used [0x0000000080400000,0x0000000082a0a1d0,0x0000000085980000)
 Metaspace       used 19216K, capacity 19495K, committed 19712K, reserved 1067008K
  class space    used 2171K, capacity 2235K, committed 2304K, reserved 1048576K
}
Event: 124.345 GC heap before
{Heap before GC invocations=22 (full 4):
 PSYoungGen      total 44032K, used 160K [0x00000000d5700000, 0x00000000d9380000, 0x0000000100000000)
  eden space 27136K, 0% used [0x00000000d5700000,0x00000000d5700000,0x00000000d7180000)
  from space 16896K, 0% used [0x00000000d8300000,0x00000000d8328000,0x00000000d9380000)
  to   space 17408K, 0% used [0x00000000d7180000,0x00000000d7180000,0x00000000d8280000)
 ParOldGen       total 87552K, used 38952K [0x0000000080400000, 0x0000000085980000, 0x00000000d5700000)
  object space 87552K, 44% used [0x0000000080400000,0x0000000082a0a1d0,0x0000000085980000)
 Metaspace       used 19216K, capacity 19495K, committed 19712K, reserved 1067008K
  class space    used 2171K, capacity 2235K, committed 2304K, reserved 1048576K
Event: 124.406 GC heap after
Heap after GC invocations=22 (full 4):
 PSYoungGen      total 44032K, used 0K [0x00000000d5700000, 0x00000000d9380000, 0x0000000100000000)
  eden space 27136K, 0% used [0x00000000d5700000,0x00000000d5700000,0x00000000d7180000)
  from space 16896K, 0% used [0x00000000d8300000,0x00000000d8300000,0x00000000d9380000)
  to   space 17408K, 0% used [0x00000000d7180000,0x00000000d7180000,0x00000000d8280000)
 ParOldGen       total 87552K, used 37950K [0x0000000080400000, 0x0000000085980000, 0x00000000d5700000)
  object space 87552K, 43% used [0x0000000080400000,0x000000008290fbf8,0x0000000085980000)
 Metaspace       used 19216K, capacity 19495K, committed 19712K, reserved 1067008K
  class space    used 2171K, capacity 2235K, committed 2304K, reserved 1048576K
}
Event: 134.859 GC heap before
{Heap before GC invocations=23 (full 4):
 PSYoungGen      total 44032K, used 27136K [0x00000000d5700000, 0x00000000d9380000, 0x0000000100000000)
  eden space 27136K, 100% used [0x00000000d5700000,0x00000000d7180000,0x00000000d7180000)
  from space 16896K, 0% used [0x00000000d8300000,0x00000000d8300000,0x00000000d9380000)
  to   space 17408K, 0% used [0x00000000d7180000,0x00000000d7180000,0x00000000d8280000)
 ParOldGen       total 87552K, used 37950K [0x0000000080400000, 0x0000000085980000, 0x00000000d5700000)
  object space 87552K, 43% used [0x0000000080400000,0x000000008290fbf8,0x0000000085980000)
 Metaspace       used 19219K, capacity 19495K, committed 19712K, reserved 1067008K
  class space    used 2171K, capacity 2235K, committed 2304K, reserved 1048576K
Event: 134.861 GC heap after
Heap after GC invocations=23 (full 4):
 PSYoungGen      total 27648K, used 874K [0x00000000d5700000, 0x00000000d9100000, 0x0000000100000000)
  eden space 26624K, 0% used [0x00000000d5700000,0x00000000d5700000,0x00000000d7100000)
  from space 1024K, 85% used [0x00000000d7180000,0x00000000d725a9b0,0x00000000d7280000)
  to   space 16384K, 0% used [0x00000000d8100000,0x00000000d8100000,0x00000000d9100000)
 ParOldGen       total 87552K, used 37950K [0x0000000080400000, 0x0000000085980000, 0x00000000d5700000)
  object space 87552K, 43% used [0x0000000080400000,0x000000008290fbf8,0x0000000085980000)
 Metaspace       used 19219K, capacity 19495K, committed 19712K, reserved 1067008K
  class space    used 2171K, capacity 2235K, committed 2304K, reserved 1048576K
}
Event: 144.892 GC heap before
{Heap before GC invocations=24 (full 4):
 PSYoungGen      total 27648K, used 27498K [0x00000000d5700000, 0x00000000d9100000, 0x0000000100000000)
  eden space 26624K, 100% used [0x00000000d5700000,0x00000000d7100000,0x00000000d7100000)
  from space 1024K, 85% used [0x00000000d7180000,0x00000000d725a9b0,0x00000000d7280000)
  to   space 16384K, 0% used [0x00000000d8100000,0x00000000d8100000,0x00000000d9100000)
 ParOldGen       total 87552K, used 37950K [0x0000000080400000, 0x0000000085980000, 0x00000000d5700000)
  object space 87552K, 43% used [0x0000000080400000,0x000000008290fbf8,0x0000000085980000)
 Metaspace       used 19222K, capacity 19495K, committed 19712K, reserved 1067008K
  class space    used 2171K, capacity 2235K, committed 2304K, reserved 1048576K
Event: 144.894 GC heap after
Heap after GC invocations=24 (full 4):
 PSYoungGen      total 40960K, used 732K [0x00000000d5700000, 0x00000000d8f80000, 0x0000000100000000)
  eden space 26112K, 0% used [0x00000000d5700000,0x00000000d5700000,0x00000000d7080000)
  from space 14848K, 4% used [0x00000000d8100000,0x00000000d81b7120,0x00000000d8f80000)
  to   space 15872K, 0% used [0x00000000d7080000,0x00000000d7080000,0x00000000d8000000)
 ParOldGen       total 87552K, used 38062K [0x0000000080400000, 0x0000000085980000, 0x00000000d5700000)
  object space 87552K, 43% used [0x0000000080400000,0x000000008292bbf8,0x0000000085980000)
 Metaspace       used 19222K, capacity 19495K, committed 19712K, reserved 1067008K
  class space    used 2171K, capacity 2235K, committed 2304K, reserved 1048576K
}

