# JRE version: Java(TM) SE Runtime Environment (8.0_91-b14) (build 1.8.0_91-b14)
# Java VM: Java HotSpot(TM) 64-Bit Server VM (25.91-b14 mixed mode windows-amd64 compressed oops)
Heap:
 PSYoungGen      total 19456K, used 7122K [0x00000000d5700000, 0x00000000d7100000, 0x0000000100000000)
  eden space 13312K, 9% used [0x00000000d5700000,0x00000000d584ade0,0x00000000d6400000)
  from space 6144K, 94% used [0x00000000d6400000,0x00000000d69a9b20,0x00000000d6a00000)
  to   space 6656K, 0% used [0x00000000d6a80000,0x00000000d6a80000,0x00000000d7100000)
 ParOldGen       total 117760K, used 83873K [0x0000000080400000, 0x0000000087700000, 0x00000000d5700000)
  object space 117760K, 71% used [0x0000000080400000,0x00000000855e8508,0x0000000087700000)
 Metaspace       used 19359K, capacity 19559K, committed 19712K, reserved 1067008K
  class space    used 2173K, capacity 2235K, committed 2304K, reserved 1048576K
GC Heap History (10 events):
Event: 499.197 GC heap before
{Heap before GC invocations=148 (full 17):
 PSYoungGen      total 18432K, used 16685K [0x00000000d5700000, 0x00000000d6f00000, 0x0000000100000000)
  eden space 13312K, 100% used [0x00000000d5700000,0x00000000d6400000,0x00000000d6400000)
  from space 5120K, 65% used [0x00000000d6a00000,0x00000000d6d4b670,0x00000000d6f00000)
  to   space 5632K, 0% used [0x00000000d6400000,0x00000000d6400000,0x00000000d6980000)
 ParOldGen       total 117760K, used 83873K [0x0000000080400000, 0x0000000087700000, 0x00000000d5700000)
  object space 117760K, 71% used [0x0000000080400000,0x00000000855e8508,0x0000000087700000)
 Metaspace       used 19350K, capacity 19559K, committed 19712K, reserved 1067008K
  class space    used 2173K, capacity 2235K, committed 2304K, reserved 1048576K
Event: 499.199 GC heap after
Heap after GC invocations=148 (full 17):
 PSYoungGen      total 18944K, used 5042K [0x00000000d5700000, 0x00000000d7000000, 0x0000000100000000)
  eden space 13312K, 0% used [0x00000000d5700000,0x00000000d5700000,0x00000000d6400000)
  from space 5632K, 89% used [0x00000000d6400000,0x00000000d68ecb20,0x00000000d6980000)
  to   space 6144K, 0% used [0x00000000d6a00000,0x00000000d6a00000,0x00000000d7000000)
 ParOldGen       total 117760K, used 83873K [0x0000000080400000, 0x0000000087700000, 0x00000000d5700000)
  object space 117760K, 71% used [0x0000000080400000,0x00000000855e8508,0x0000000087700000)
 Metaspace       used 19350K, capacity 19559K, committed 19712K, reserved 1067008K
  class space    used 2173K, capacity 2235K, committed 2304K, reserved 1048576K
}
Event: 503.539 GC heap before
{Heap before GC invocations=149 (full 17):
 PSYoungGen      total 18944K, used 18354K [0x00000000d5700000, 0x00000000d7000000, 0x0000000100000000)
  eden space 13312K, 100% used [0x00000000d5700000,0x00000000d6400000,0x00000000d6400000)
  from space 5632K, 89% used [0x00000000d6400000,0x00000000d68ecb20,0x00000000d6980000)
  to   space 6144K, 0% used [0x00000000d6a00000,0x00000000d6a00000,0x00000000d7000000)
 ParOldGen       total 117760K, used 83873K [0x0000000080400000, 0x0000000087700000, 0x00000000d5700000)
  object space 117760K, 71% used [0x0000000080400000,0x00000000855e8508,0x0000000087700000)
 Metaspace       used 19350K, capacity 19559K, committed 19712K, reserved 1067008K
  class space    used 2173K, capacity 2235K, committed 2304K, reserved 1048576K
Event: 503.541 GC heap after
Heap after GC invocations=149 (full 17):
 PSYoungGen      total 19456K, used 4163K [0x00000000d5700000, 0x00000000d7000000, 0x0000000100000000)
  eden space 13312K, 0% used [0x00000000d5700000,0x00000000d5700000,0x00000000d6400000)
  from space 6144K, 67% used [0x00000000d6a00000,0x00000000d6e10f10,0x00000000d7000000)
  to   space 6144K, 0% used [0x00000000d6400000,0x00000000d6400000,0x00000000d6a00000)
 ParOldGen       total 117760K, used 83873K [0x0000000080400000, 0x0000000087700000, 0x00000000d5700000)
  object space 117760K, 71% used [0x0000000080400000,0x00000000855e8508,0x0000000087700000)
 Metaspace       used 19350K, capacity 19559K, committed 19712K, reserved 1067008K
  class space    used 2173K, capacity 2235K, committed 2304K, reserved 1048576K
}
Event: 504.428 GC heap before
{Heap before GC invocations=150 (full 17):
 PSYoungGen      total 19456K, used 17093K [0x00000000d5700000, 0x00000000d7000000, 0x0000000100000000)
  eden space 13312K, 97% used [0x00000000d5700000,0x00000000d63a0738,0x00000000d6400000)
  from space 6144K, 67% used [0x00000000d6a00000,0x00000000d6e10f10,0x00000000d7000000)
  to   space 6144K, 0% used [0x00000000d6400000,0x00000000d6400000,0x00000000d6a00000)
 ParOldGen       total 117760K, used 83873K [0x0000000080400000, 0x0000000087700000, 0x00000000d5700000)
  object space 117760K, 71% used [0x0000000080400000,0x00000000855e8508,0x0000000087700000)
 Metaspace       used 19350K, capacity 19559K, committed 19712K, reserved 1067008K
  class space    used 2173K, capacity 2235K, committed 2304K, reserved 1048576K
Event: 504.430 GC heap after
Heap after GC invocations=150 (full 17):
 PSYoungGen      total 19456K, used 4812K [0x00000000d5700000, 0x00000000d7000000, 0x0000000100000000)
  eden space 13312K, 0% used [0x00000000d5700000,0x00000000d5700000,0x00000000d6400000)
  from space 6144K, 78% used [0x00000000d6400000,0x00000000d68b32d8,0x00000000d6a00000)
  to   space 6144K, 0% used [0x00000000d6a00000,0x00000000d6a00000,0x00000000d7000000)
 ParOldGen       total 117760K, used 83873K [0x0000000080400000, 0x0000000087700000, 0x00000000d5700000)
  object space 117760K, 71% used [0x0000000080400000,0x00000000855e8508,0x0000000087700000)
 Metaspace       used 19350K, capacity 19559K, committed 19712K, reserved 1067008K
  class space    used 2173K, capacity 2235K, committed 2304K, reserved 1048576K
}
Event: 506.655 GC heap before
{Heap before GC invocations=151 (full 17):
 PSYoungGen      total 19456K, used 18027K [0x00000000d5700000, 0x00000000d7000000, 0x0000000100000000)
  eden space 13312K, 99% used [0x00000000d5700000,0x00000000d63e79b8,0x00000000d6400000)
  from space 6144K, 78% used [0x00000000d6400000,0x00000000d68b32d8,0x00000000d6a00000)
  to   space 6144K, 0% used [0x00000000d6a00000,0x00000000d6a00000,0x00000000d7000000)
 ParOldGen       total 117760K, used 83873K [0x0000000080400000, 0x0000000087700000, 0x00000000d5700000)
  object space 117760K, 71% used [0x0000000080400000,0x00000000855e8508,0x0000000087700000)
 Metaspace       used 19350K, capacity 19559K, committed 19712K, reserved 1067008K
  class space    used 2173K, capacity 2235K, committed 2304K, reserved 1048576K
Event: 506.657 GC heap after
Heap after GC invocations=151 (full 17):
 PSYoungGen      total 19456K, used 4738K [0x00000000d5700000, 0x00000000d7000000, 0x0000000100000000)
  eden space 13312K, 0% used [0x00000000d5700000,0x00000000d5700000,0x00000000d6400000)
  from space 6144K, 77% used [0x00000000d6a00000,0x00000000d6ea09d0,0x00000000d7000000)
  to   space 6144K, 0% used [0x00000000d6400000,0x00000000d6400000,0x00000000d6a00000)
 ParOldGen       total 117760K, used 83873K [0x0000000080400000, 0x0000000087700000, 0x00000000d5700000)
  object space 117760K, 71% used [0x0000000080400000,0x00000000855e8508,0x0000000087700000)
 Metaspace       used 19350K, capacity 19559K, committed 19712K, reserved 1067008K
  class space    used 2173K, capacity 2235K, committed 2304K, reserved 1048576K
}
Event: 506.958 GC heap before
{Heap before GC invocations=152 (full 17):
 PSYoungGen      total 19456K, used 18050K [0x00000000d5700000, 0x00000000d7000000, 0x0000000100000000)
  eden space 13312K, 100% used [0x00000000d5700000,0x00000000d6400000,0x00000000d6400000)
  from space 6144K, 77% used [0x00000000d6a00000,0x00000000d6ea09d0,0x00000000d7000000)
  to   space 6144K, 0% used [0x00000000d6400000,0x00000000d6400000,0x00000000d6a00000)
 ParOldGen       total 117760K, used 83873K [0x0000000080400000, 0x0000000087700000, 0x00000000d5700000)
  object space 117760K, 71% used [0x0000000080400000,0x00000000855e8508,0x0000000087700000)
 Metaspace       used 19359K, capacity 19559K, committed 19712K, reserved 1067008K
  class space    used 2173K, capacity 2235K, committed 2304K, reserved 1048576K
Event: 506.960 GC heap after
Heap after GC invocations=152 (full 17):
 PSYoungGen      total 19456K, used 5798K [0x00000000d5700000, 0x00000000d7100000, 0x0000000100000000)
  eden space 13312K, 0% used [0x00000000d5700000,0x00000000d5700000,0x00000000d6400000)
  from space 6144K, 94% used [0x00000000d6400000,0x00000000d69a9b20,0x00000000d6a00000)
  to   space 6656K, 0% used [0x00000000d6a80000,0x00000000d6a80000,0x00000000d7100000)
 ParOldGen       total 117760K, used 83873K [0x0000000080400000, 0x0000000087700000, 0x00000000d5700000)
  object space 117760K, 71% used [0x0000000080400000,0x00000000855e8508,0x0000000087700000)
 Metaspace       used 19359K, capacity 19559K, committed 19712K, reserved 1067008K
  class space    used 2173K, capacity 2235K, committed 2304K, reserved 1048576K
}

