# JRE version: Java(TM) SE Runtime Environment (8.0_91-b14) (build 1.8.0_91-b14)
# Java VM: Java HotSpot(TM) 64-Bit Server VM (25.91-b14 mixed mode windows-amd64 compressed oops)
Heap:
 PSYoungGen      total 32256K, used 7787K [0x00000000d5700000, 0x00000000d8500000, 0x0000000100000000)
  eden space 18432K, 37% used [0x00000000d5700000,0x00000000d5dcdfe8,0x00000000d6900000)
  from space 13824K, 5% used [0x00000000d7780000,0x00000000d784ce20,0x00000000d8500000)
  to   space 14336K, 0% used [0x00000000d6900000,0x00000000d6900000,0x00000000d7700000)
 ParOldGen       total 87552K, used 33912K [0x0000000080400000, 0x0000000085980000, 0x00000000d5700000)
  object space 87552K, 38% used [0x0000000080400000,0x000000008251e220,0x0000000085980000)
 Metaspace       used 19220K, capacity 19495K, committed 19712K, reserved 1067008K
  class space    used 2172K, capacity 2235K, committed 2304K, reserved 1048576K
GC Heap History (10 events):
Event: 124.177 GC heap before
{Heap before GC invocations=20 (full 3):
 PSYoungGen      total 34816K, used 19473K [0x00000000d5700000, 0x00000000d8a00000, 0x0000000100000000)
  eden space 18432K, 100% used [0x00000000d5700000,0x00000000d6900000,0x00000000d6900000)
  from space 16384K, 6% used [0x00000000d7a00000,0x00000000d7b046c0,0x00000000d8a00000)
  to   space 16896K, 0% used [0x00000000d6900000,0x00000000d6900000,0x00000000d7980000)
 ParOldGen       total 87552K, used 36664K [0x0000000080400000, 0x0000000085980000, 0x00000000d5700000)
  object space 87552K, 41% used [0x0000000080400000,0x00000000827ce3d8,0x0000000085980000)
 Metaspace       used 19209K, capacity 19495K, committed 19712K, reserved 1067008K
  class space    used 2172K, capacity 2235K, committed 2304K, reserved 1048576K
Event: 124.178 GC heap after
Heap after GC invocations=20 (full 3):
 PSYoungGen      total 19456K, used 1021K [0x00000000d5700000, 0x00000000d8900000, 0x0000000100000000)
  eden space 18432K, 0% used [0x00000000d5700000,0x00000000d5700000,0x00000000d6900000)
  from space 1024K, 99% used [0x00000000d6900000,0x00000000d69ff6c0,0x00000000d6a00000)
  to   space 16384K, 0% used [0x00000000d7900000,0x00000000d7900000,0x00000000d8900000)
 ParOldGen       total 87552K, used 36840K [0x0000000080400000, 0x0000000085980000, 0x00000000d5700000)
  object space 87552K, 42% used [0x0000000080400000,0x00000000827fa3d8,0x0000000085980000)
 Metaspace       used 19209K, capacity 19495K, committed 19712K, reserved 1067008K
  class space    used 2172K, capacity 2235K, committed 2304K, reserved 1048576K
}
Event: 124.805 GC heap before
{Heap before GC invocations=21 (full 3):
 PSYoungGen      total 19456K, used 1759K [0x00000000d5700000, 0x00000000d8900000, 0x0000000100000000)
  eden space 18432K, 4% used [0x00000000d5700000,0x00000000d57b8928,0x00000000d6900000)
  from space 1024K, 99% used [0x00000000d6900000,0x00000000d69ff6c0,0x00000000d6a00000)
  to   space 16384K, 0% used [0x00000000d7900000,0x00000000d7900000,0x00000000d8900000)
 ParOldGen       total 87552K, used 36840K [0x0000000080400000, 0x0000000085980000, 0x00000000d5700000)
  object space 87552K, 42% used [0x0000000080400000,0x00000000827fa3d8,0x0000000085980000)
 Metaspace       used 19209K, capacity 19495K, committed 19712K, reserved 1067008K
  class space    used 2172K, capacity 2235K, committed 2304K, reserved 1048576K
Event: 124.806 GC heap after
Heap after GC invocations=21 (full 3):
 PSYoungGen      total 33792K, used 128K [0x00000000d5700000, 0x00000000d8800000, 0x0000000100000000)
  eden space 18432K, 0% used [0x00000000d5700000,0x00000000d5700000,0x00000000d6900000)
  from space 15360K, 0% used [0x00000000d7900000,0x00000000d7920000,0x00000000d8800000)
  to   space 15872K, 0% used [0x00000000d6900000,0x00000000d6900000,0x00000000d7880000)
 ParOldGen       total 87552K, used 37403K [0x0000000080400000, 0x0000000085980000, 0x00000000d5700000)
  object space 87552K, 42% used [0x0000000080400000,0x0000000082886c28,0x0000000085980000)
 Metaspace       used 19209K, capacity 19495K, committed 19712K, reserved 1067008K
  class space    used 2172K, capacity 2235K, committed 2304K, reserved 1048576K
}
Event: 124.806 GC heap before
{Heap before GC invocations=22 (full 4):
 PSYoungGen      total 33792K, used 128K [0x00000000d5700000, 0x00000000d8800000, 0x0000000100000000)
  eden space 18432K, 0% used [0x00000000d5700000,0x00000000d5700000,0x00000000d6900000)
  from space 15360K, 0% used [0x00000000d7900000,0x00000000d7920000,0x00000000d8800000)
  to   space 15872K, 0% used [0x00000000d6900000,0x00000000d6900000,0x00000000d7880000)
 ParOldGen       total 87552K, used 37403K [0x0000000080400000, 0x0000000085980000, 0x00000000d5700000)
  object space 87552K, 42% used [0x0000000080400000,0x0000000082886c28,0x0000000085980000)
 Metaspace       used 19209K, capacity 19495K, committed 19712K, reserved 1067008K
  class space    used 2172K, capacity 2235K, committed 2304K, reserved 1048576K
Event: 124.844 GC heap after
Heap after GC invocations=22 (full 4):
 PSYoungGen      total 33792K, used 0K [0x00000000d5700000, 0x00000000d8800000, 0x0000000100000000)
  eden space 18432K, 0% used [0x00000000d5700000,0x00000000d5700000,0x00000000d6900000)
  from space 15360K, 0% used [0x00000000d7900000,0x00000000d7900000,0x00000000d8800000)
  to   space 15872K, 0% used [0x00000000d6900000,0x00000000d6900000,0x00000000d7880000)
 ParOldGen       total 87552K, used 33824K [0x0000000080400000, 0x0000000085980000, 0x00000000d5700000)
  object space 87552K, 38% used [0x0000000080400000,0x0000000082508220,0x0000000085980000)
 Metaspace       used 19209K, capacity 19495K, committed 19712K, reserved 1067008K
  class space    used 2172K, capacity 2235K, committed 2304K, reserved 1048576K
}
Event: 134.221 GC heap before
{Heap before GC invocations=23 (full 4):
 PSYoungGen      total 33792K, used 18432K [0x00000000d5700000, 0x00000000d8800000, 0x0000000100000000)
  eden space 18432K, 100% used [0x00000000d5700000,0x00000000d6900000,0x00000000d6900000)
  from space 15360K, 0% used [0x00000000d7900000,0x00000000d7900000,0x00000000d8800000)
  to   space 15872K, 0% used [0x00000000d6900000,0x00000000d6900000,0x00000000d7880000)
 ParOldGen       total 87552K, used 33824K [0x0000000080400000, 0x0000000085980000, 0x00000000d5700000)
  object space 87552K, 38% used [0x0000000080400000,0x0000000082508220,0x0000000085980000)
 Metaspace       used 19212K, capacity 19495K, committed 19712K, reserved 1067008K
  class space    used 2172K, capacity 2235K, committed 2304K, reserved 1048576K
Event: 134.222 GC heap after
Heap after GC invocations=23 (full 4):
 PSYoungGen      total 19456K, used 819K [0x00000000d5700000, 0x00000000d8600000, 0x0000000100000000)
  eden space 18432K, 0% used [0x00000000d5700000,0x00000000d5700000,0x00000000d6900000)
  from space 1024K, 80% used [0x00000000d6900000,0x00000000d69cce20,0x00000000d6a00000)
  to   space 14848K, 0% used [0x00000000d7780000,0x00000000d7780000,0x00000000d8600000)
 ParOldGen       total 87552K, used 33832K [0x0000000080400000, 0x0000000085980000, 0x00000000d5700000)
  object space 87552K, 38% used [0x0000000080400000,0x000000008250a220,0x0000000085980000)
 Metaspace       used 19212K, capacity 19495K, committed 19712K, reserved 1067008K
  class space    used 2172K, capacity 2235K, committed 2304K, reserved 1048576K
}
Event: 145.921 GC heap before
{Heap before GC invocations=24 (full 4):
 PSYoungGen      total 19456K, used 19251K [0x00000000d5700000, 0x00000000d8600000, 0x0000000100000000)
  eden space 18432K, 100% used [0x00000000d5700000,0x00000000d6900000,0x00000000d6900000)
  from space 1024K, 80% used [0x00000000d6900000,0x00000000d69cce20,0x00000000d6a00000)
  to   space 14848K, 0% used [0x00000000d7780000,0x00000000d7780000,0x00000000d8600000)
 ParOldGen       total 87552K, used 33832K [0x0000000080400000, 0x0000000085980000, 0x00000000d5700000)
  object space 87552K, 38% used [0x0000000080400000,0x000000008250a220,0x0000000085980000)
 Metaspace       used 19218K, capacity 19495K, committed 19712K, reserved 1067008K
  class space    used 2172K, capacity 2235K, committed 2304K, reserved 1048576K
Event: 145.922 GC heap after
Heap after GC invocations=24 (full 4):
 PSYoungGen      total 32256K, used 819K [0x00000000d5700000, 0x00000000d8500000, 0x0000000100000000)
  eden space 18432K, 0% used [0x00000000d5700000,0x00000000d5700000,0x00000000d6900000)
  from space 13824K, 5% used [0x00000000d7780000,0x00000000d784ce20,0x00000000d8500000)
  to   space 14336K, 0% used [0x00000000d6900000,0x00000000d6900000,0x00000000d7700000)
 ParOldGen       total 87552K, used 33912K [0x0000000080400000, 0x0000000085980000, 0x00000000d5700000)
  object space 87552K, 38% used [0x0000000080400000,0x000000008251e220,0x0000000085980000)
 Metaspace       used 19218K, capacity 19495K, committed 19712K, reserved 1067008K
  class space    used 2172K, capacity 2235K, committed 2304K, reserved 1048576K
}

