# JRE version: Java(TM) SE Runtime Environment (8.0_91-b14) (build 1.8.0_91-b14)
# Java VM: Java HotSpot(TM) 64-Bit Server VM (25.91-b14 mixed mode windows-amd64 compressed oops)
Heap:
 PSYoungGen      total 31232K, used 10552K [0x00000000d5700000, 0x00000000d9300000, 0x0000000100000000)
  eden space 29696K, 31% used [0x00000000d5700000,0x00000000d6046048,0x00000000d7400000)
  from space 1536K, 68% used [0x00000000d7480000,0x00000000d7588200,0x00000000d7600000)
  to   space 15872K, 0% used [0x00000000d8380000,0x00000000d8380000,0x00000000d9300000)
 ParOldGen       total 87552K, used 22197K [0x0000000080400000, 0x0000000085980000, 0x00000000d5700000)
  object space 87552K, 25% used [0x0000000080400000,0x00000000819ad698,0x0000000085980000)
 Metaspace       used 19180K, capacity 19491K, committed 19712K, reserved 1067008K
  class space    used 2172K, capacity 2235K, committed 2304K, reserved 1048576K
GC Heap History (10 events):
Event: 94.554 GC heap before
{Heap before GC invocations=15 (full 3):
 PSYoungGen      total 47616K, used 2365K [0x00000000d5700000, 0x00000000d9800000, 0x0000000100000000)
  eden space 30720K, 0% used [0x00000000d5700000,0x00000000d5700000,0x00000000d7500000)
  from space 16896K, 13% used [0x00000000d8780000,0x00000000d89cf580,0x00000000d9800000)
  to   space 17920K, 0% used [0x00000000d7500000,0x00000000d7500000,0x00000000d8680000)
 ParOldGen       total 87552K, used 21983K [0x0000000080400000, 0x0000000085980000, 0x00000000d5700000)
  object space 87552K, 25% used [0x0000000080400000,0x0000000081977ca8,0x0000000085980000)
 Metaspace       used 19167K, capacity 19427K, committed 19712K, reserved 1067008K
  class space    used 2172K, capacity 2235K, committed 2304K, reserved 1048576K
Event: 94.603 GC heap after
Heap after GC invocations=15 (full 3):
 PSYoungGen      total 47616K, used 0K [0x00000000d5700000, 0x00000000d9800000, 0x0000000100000000)
  eden space 30720K, 0% used [0x00000000d5700000,0x00000000d5700000,0x00000000d7500000)
  from space 16896K, 0% used [0x00000000d8780000,0x00000000d8780000,0x00000000d9800000)
  to   space 17920K, 0% used [0x00000000d7500000,0x00000000d7500000,0x00000000d8680000)
 ParOldGen       total 87552K, used 22089K [0x0000000080400000, 0x0000000085980000, 0x00000000d5700000)
  object space 87552K, 25% used [0x0000000080400000,0x00000000819925d0,0x0000000085980000)
 Metaspace       used 19167K, capacity 19427K, committed 19712K, reserved 1067008K
  class space    used 2172K, capacity 2235K, committed 2304K, reserved 1048576K
}
Event: 118.125 GC heap before
{Heap before GC invocations=16 (full 3):
 PSYoungGen      total 47616K, used 30720K [0x00000000d5700000, 0x00000000d9800000, 0x0000000100000000)
  eden space 30720K, 100% used [0x00000000d5700000,0x00000000d7500000,0x00000000d7500000)
  from space 16896K, 0% used [0x00000000d8780000,0x00000000d8780000,0x00000000d9800000)
  to   space 17920K, 0% used [0x00000000d7500000,0x00000000d7500000,0x00000000d8680000)
 ParOldGen       total 87552K, used 22089K [0x0000000080400000, 0x0000000085980000, 0x00000000d5700000)
  object space 87552K, 25% used [0x0000000080400000,0x00000000819925d0,0x0000000085980000)
 Metaspace       used 19175K, capacity 19491K, committed 19712K, reserved 1067008K
  class space    used 2172K, capacity 2235K, committed 2304K, reserved 1048576K
Event: 118.126 GC heap after
Heap after GC invocations=16 (full 3):
 PSYoungGen      total 31744K, used 1052K [0x00000000d5700000, 0x00000000d9680000, 0x0000000100000000)
  eden space 30208K, 0% used [0x00000000d5700000,0x00000000d5700000,0x00000000d7480000)
  from space 1536K, 68% used [0x00000000d7500000,0x00000000d7607070,0x00000000d7680000)
  to   space 17408K, 0% used [0x00000000d8580000,0x00000000d8580000,0x00000000d9680000)
 ParOldGen       total 87552K, used 22089K [0x0000000080400000, 0x0000000085980000, 0x00000000d5700000)
  object space 87552K, 25% used [0x0000000080400000,0x00000000819925d0,0x0000000085980000)
 Metaspace       used 19175K, capacity 19491K, committed 19712K, reserved 1067008K
  class space    used 2172K, capacity 2235K, committed 2304K, reserved 1048576K
}
Event: 124.558 GC heap before
{Heap before GC invocations=17 (full 3):
 PSYoungGen      total 31744K, used 9444K [0x00000000d5700000, 0x00000000d9680000, 0x0000000100000000)
  eden space 30208K, 27% used [0x00000000d5700000,0x00000000d5f322f0,0x00000000d7480000)
  from space 1536K, 68% used [0x00000000d7500000,0x00000000d7607070,0x00000000d7680000)
  to   space 17408K, 0% used [0x00000000d8580000,0x00000000d8580000,0x00000000d9680000)
 ParOldGen       total 87552K, used 22089K [0x0000000080400000, 0x0000000085980000, 0x00000000d5700000)
  object space 87552K, 25% used [0x0000000080400000,0x00000000819925d0,0x0000000085980000)
 Metaspace       used 19176K, capacity 19491K, committed 19712K, reserved 1067008K
  class space    used 2172K, capacity 2235K, committed 2304K, reserved 1048576K
Event: 124.559 GC heap after
Heap after GC invocations=17 (full 3):
 PSYoungGen      total 46592K, used 1096K [0x00000000d5700000, 0x00000000d9580000, 0x0000000100000000)
  eden space 30208K, 0% used [0x00000000d5700000,0x00000000d5700000,0x00000000d7480000)
  from space 16384K, 6% used [0x00000000d8580000,0x00000000d8692180,0x00000000d9580000)
  to   space 16896K, 0% used [0x00000000d7480000,0x00000000d7480000,0x00000000d8500000)
 ParOldGen       total 87552K, used 22177K [0x0000000080400000, 0x0000000085980000, 0x00000000d5700000)
  object space 87552K, 25% used [0x0000000080400000,0x00000000819a85d0,0x0000000085980000)
 Metaspace       used 19176K, capacity 19491K, committed 19712K, reserved 1067008K
  class space    used 2172K, capacity 2235K, committed 2304K, reserved 1048576K
}
Event: 124.560 GC heap before
{Heap before GC invocations=18 (full 4):
 PSYoungGen      total 46592K, used 1096K [0x00000000d5700000, 0x00000000d9580000, 0x0000000100000000)
  eden space 30208K, 0% used [0x00000000d5700000,0x00000000d5700000,0x00000000d7480000)
  from space 16384K, 6% used [0x00000000d8580000,0x00000000d8692180,0x00000000d9580000)
  to   space 16896K, 0% used [0x00000000d7480000,0x00000000d7480000,0x00000000d8500000)
 ParOldGen       total 87552K, used 22177K [0x0000000080400000, 0x0000000085980000, 0x00000000d5700000)
  object space 87552K, 25% used [0x0000000080400000,0x00000000819a85d0,0x0000000085980000)
 Metaspace       used 19176K, capacity 19491K, committed 19712K, reserved 1067008K
  class space    used 2172K, capacity 2235K, committed 2304K, reserved 1048576K
Event: 124.586 GC heap after
Heap after GC invocations=18 (full 4):
 PSYoungGen      total 46592K, used 0K [0x00000000d5700000, 0x00000000d9580000, 0x0000000100000000)
  eden space 30208K, 0% used [0x00000000d5700000,0x00000000d5700000,0x00000000d7480000)
  from space 16384K, 0% used [0x00000000d8580000,0x00000000d8580000,0x00000000d9580000)
  to   space 16896K, 0% used [0x00000000d7480000,0x00000000d7480000,0x00000000d8500000)
 ParOldGen       total 87552K, used 22197K [0x0000000080400000, 0x0000000085980000, 0x00000000d5700000)
  object space 87552K, 25% used [0x0000000080400000,0x00000000819ad698,0x0000000085980000)
 Metaspace       used 19176K, capacity 19491K, committed 19712K, reserved 1067008K
  class space    used 2172K, capacity 2235K, committed 2304K, reserved 1048576K
}
Event: 143.678 GC heap before
{Heap before GC invocations=19 (full 4):
 PSYoungGen      total 46592K, used 30208K [0x00000000d5700000, 0x00000000d9580000, 0x0000000100000000)
  eden space 30208K, 100% used [0x00000000d5700000,0x00000000d7480000,0x00000000d7480000)
  from space 16384K, 0% used [0x00000000d8580000,0x00000000d8580000,0x00000000d9580000)
  to   space 16896K, 0% used [0x00000000d7480000,0x00000000d7480000,0x00000000d8500000)
 ParOldGen       total 87552K, used 22197K [0x0000000080400000, 0x0000000085980000, 0x00000000d5700000)
  object space 87552K, 25% used [0x0000000080400000,0x00000000819ad698,0x0000000085980000)
 Metaspace       used 19178K, capacity 19491K, committed 19712K, reserved 1067008K
  class space    used 2172K, capacity 2235K, committed 2304K, reserved 1048576K
Event: 143.679 GC heap after
Heap after GC invocations=19 (full 4):
 PSYoungGen      total 31232K, used 1056K [0x00000000d5700000, 0x00000000d9300000, 0x0000000100000000)
  eden space 29696K, 0% used [0x00000000d5700000,0x00000000d5700000,0x00000000d7400000)
  from space 1536K, 68% used [0x00000000d7480000,0x00000000d7588200,0x00000000d7600000)
  to   space 15872K, 0% used [0x00000000d8380000,0x00000000d8380000,0x00000000d9300000)
 ParOldGen       total 87552K, used 22197K [0x0000000080400000, 0x0000000085980000, 0x00000000d5700000)
  object space 87552K, 25% used [0x0000000080400000,0x00000000819ad698,0x0000000085980000)
 Metaspace       used 19178K, capacity 19491K, committed 19712K, reserved 1067008K
  class space    used 2172K, capacity 2235K, committed 2304K, reserved 1048576K
}

