# JRE version: Java(TM) SE Runtime Environment (8.0_91-b14) (build 1.8.0_91-b14)
# Java VM: Java HotSpot(TM) 64-Bit Server VM (25.91-b14 mixed mode windows-amd64 compressed oops)
Heap:
 PSYoungGen      total 38400K, used 19340K [0x00000000d5700000, 0x00000000d8b80000, 0x0000000100000000)
  eden space 24064K, 80% used [0x00000000d5700000,0x00000000d69e30b8,0x00000000d6e80000)
  from space 14336K, 0% used [0x00000000d7d80000,0x00000000d7d80000,0x00000000d8b80000)
  to   space 14848K, 0% used [0x00000000d6e80000,0x00000000d6e80000,0x00000000d7d00000)
 ParOldGen       total 87552K, used 24247K [0x0000000080400000, 0x0000000085980000, 0x00000000d5700000)
  object space 87552K, 27% used [0x0000000080400000,0x0000000081bade88,0x0000000085980000)
 Metaspace       used 19174K, capacity 19427K, committed 19712K, reserved 1067008K
  class space    used 2172K, capacity 2235K, committed 2304K, reserved 1048576K
GC Heap History (10 events):
Event: 137.945 GC heap before
{Heap before GC invocations=19 (full 4):
 PSYoungGen      total 40960K, used 27534K [0x00000000d5700000, 0x00000000d9080000, 0x0000000100000000)
  eden space 24064K, 100% used [0x00000000d5700000,0x00000000d6e80000,0x00000000d6e80000)
  from space 16896K, 20% used [0x00000000d8000000,0x00000000d8363bb0,0x00000000d9080000)
  to   space 17408K, 0% used [0x00000000d6e80000,0x00000000d6e80000,0x00000000d7f80000)
 ParOldGen       total 87552K, used 23676K [0x0000000080400000, 0x0000000085980000, 0x00000000d5700000)
  object space 87552K, 27% used [0x0000000080400000,0x0000000081b1f228,0x0000000085980000)
 Metaspace       used 19161K, capacity 19427K, committed 19712K, reserved 1067008K
  class space    used 2172K, capacity 2235K, committed 2304K, reserved 1048576K
Event: 137.947 GC heap after
Heap after GC invocations=19 (full 4):
 PSYoungGen      total 26112K, used 1982K [0x00000000d5700000, 0x00000000d8f80000, 0x0000000100000000)
  eden space 24064K, 0% used [0x00000000d5700000,0x00000000d5700000,0x00000000d6e80000)
  from space 2048K, 96% used [0x00000000d6e80000,0x00000000d706fa20,0x00000000d7080000)
  to   space 16896K, 0% used [0x00000000d7f00000,0x00000000d7f00000,0x00000000d8f80000)
 ParOldGen       total 87552K, used 25635K [0x0000000080400000, 0x0000000085980000, 0x00000000d5700000)
  object space 87552K, 29% used [0x0000000080400000,0x0000000081d08e88,0x0000000085980000)
 Metaspace       used 19161K, capacity 19427K, committed 19712K, reserved 1067008K
  class space    used 2172K, capacity 2235K, committed 2304K, reserved 1048576K
}
Event: 143.125 GC heap before
{Heap before GC invocations=20 (full 4):
 PSYoungGen      total 26112K, used 26046K [0x00000000d5700000, 0x00000000d8f80000, 0x0000000100000000)
  eden space 24064K, 100% used [0x00000000d5700000,0x00000000d6e80000,0x00000000d6e80000)
  from space 2048K, 96% used [0x00000000d6e80000,0x00000000d706fa20,0x00000000d7080000)
  to   space 16896K, 0% used [0x00000000d7f00000,0x00000000d7f00000,0x00000000d8f80000)
 ParOldGen       total 87552K, used 25635K [0x0000000080400000, 0x0000000085980000, 0x00000000d5700000)
  object space 87552K, 29% used [0x0000000080400000,0x0000000081d08e88,0x0000000085980000)
 Metaspace       used 19163K, capacity 19427K, committed 19712K, reserved 1067008K
  class space    used 2172K, capacity 2235K, committed 2304K, reserved 1048576K
Event: 143.126 GC heap after
Heap after GC invocations=20 (full 4):
 PSYoungGen      total 38912K, used 2620K [0x00000000d5700000, 0x00000000d8d80000, 0x0000000100000000)
  eden space 24064K, 0% used [0x00000000d5700000,0x00000000d5700000,0x00000000d6e80000)
  from space 14848K, 17% used [0x00000000d7f00000,0x00000000d818f1f0,0x00000000d8d80000)
  to   space 15872K, 0% used [0x00000000d6e80000,0x00000000d6e80000,0x00000000d7e00000)
 ParOldGen       total 87552K, used 25707K [0x0000000080400000, 0x0000000085980000, 0x00000000d5700000)
  object space 87552K, 29% used [0x0000000080400000,0x0000000081d1ae88,0x0000000085980000)
 Metaspace       used 19163K, capacity 19427K, committed 19712K, reserved 1067008K
  class space    used 2172K, capacity 2235K, committed 2304K, reserved 1048576K
}
Event: 149.963 GC heap before
{Heap before GC invocations=21 (full 4):
 PSYoungGen      total 38912K, used 26684K [0x00000000d5700000, 0x00000000d8d80000, 0x0000000100000000)
  eden space 24064K, 100% used [0x00000000d5700000,0x00000000d6e80000,0x00000000d6e80000)
  from space 14848K, 17% used [0x00000000d7f00000,0x00000000d818f1f0,0x00000000d8d80000)
  to   space 15872K, 0% used [0x00000000d6e80000,0x00000000d6e80000,0x00000000d7e00000)
 ParOldGen       total 87552K, used 25707K [0x0000000080400000, 0x0000000085980000, 0x00000000d5700000)
  object space 87552K, 29% used [0x0000000080400000,0x0000000081d1ae88,0x0000000085980000)
 Metaspace       used 19166K, capacity 19427K, committed 19712K, reserved 1067008K
  class space    used 2172K, capacity 2235K, committed 2304K, reserved 1048576K
Event: 149.964 GC heap after
Heap after GC invocations=21 (full 4):
 PSYoungGen      total 26112K, used 2009K [0x00000000d5700000, 0x00000000d8c80000, 0x0000000100000000)
  eden space 24064K, 0% used [0x00000000d5700000,0x00000000d5700000,0x00000000d6e80000)
  from space 2048K, 98% used [0x00000000d6e80000,0x00000000d7076600,0x00000000d7080000)
  to   space 15360K, 0% used [0x00000000d7d80000,0x00000000d7d80000,0x00000000d8c80000)
 ParOldGen       total 87552K, used 25811K [0x0000000080400000, 0x0000000085980000, 0x00000000d5700000)
  object space 87552K, 29% used [0x0000000080400000,0x0000000081d34e88,0x0000000085980000)
 Metaspace       used 19166K, capacity 19427K, committed 19712K, reserved 1067008K
  class space    used 2172K, capacity 2235K, committed 2304K, reserved 1048576K
}
Event: 154.563 GC heap before
{Heap before GC invocations=22 (full 4):
 PSYoungGen      total 26112K, used 17404K [0x00000000d5700000, 0x00000000d8c80000, 0x0000000100000000)
  eden space 24064K, 63% used [0x00000000d5700000,0x00000000d6608c48,0x00000000d6e80000)
  from space 2048K, 98% used [0x00000000d6e80000,0x00000000d7076600,0x00000000d7080000)
  to   space 15360K, 0% used [0x00000000d7d80000,0x00000000d7d80000,0x00000000d8c80000)
 ParOldGen       total 87552K, used 25811K [0x0000000080400000, 0x0000000085980000, 0x00000000d5700000)
  object space 87552K, 29% used [0x0000000080400000,0x0000000081d34e88,0x0000000085980000)
 Metaspace       used 19166K, capacity 19427K, committed 19712K, reserved 1067008K
  class space    used 2172K, capacity 2235K, committed 2304K, reserved 1048576K
Event: 154.564 GC heap after
Heap after GC invocations=22 (full 4):
 PSYoungGen      total 38400K, used 2430K [0x00000000d5700000, 0x00000000d8b80000, 0x0000000100000000)
  eden space 24064K, 0% used [0x00000000d5700000,0x00000000d5700000,0x00000000d6e80000)
  from space 14336K, 16% used [0x00000000d7d80000,0x00000000d7fdf970,0x00000000d8b80000)
  to   space 14848K, 0% used [0x00000000d6e80000,0x00000000d6e80000,0x00000000d7d00000)
 ParOldGen       total 87552K, used 25867K [0x0000000080400000, 0x0000000085980000, 0x00000000d5700000)
  object space 87552K, 29% used [0x0000000080400000,0x0000000081d42e88,0x0000000085980000)
 Metaspace       used 19166K, capacity 19427K, committed 19712K, reserved 1067008K
  class space    used 2172K, capacity 2235K, committed 2304K, reserved 1048576K
}
Event: 154.564 GC heap before
{Heap before GC invocations=23 (full 5):
 PSYoungGen      total 38400K, used 2430K [0x00000000d5700000, 0x00000000d8b80000, 0x0000000100000000)
  eden space 24064K, 0% used [0x00000000d5700000,0x00000000d5700000,0x00000000d6e80000)
  from space 14336K, 16% used [0x00000000d7d80000,0x00000000d7fdf970,0x00000000d8b80000)
  to   space 14848K, 0% used [0x00000000d6e80000,0x00000000d6e80000,0x00000000d7d00000)
 ParOldGen       total 87552K, used 25867K [0x0000000080400000, 0x0000000085980000, 0x00000000d5700000)
  object space 87552K, 29% used [0x0000000080400000,0x0000000081d42e88,0x0000000085980000)
 Metaspace       used 19166K, capacity 19427K, committed 19712K, reserved 1067008K
  class space    used 2172K, capacity 2235K, committed 2304K, reserved 1048576K
Event: 154.609 GC heap after
Heap after GC invocations=23 (full 5):
 PSYoungGen      total 38400K, used 0K [0x00000000d5700000, 0x00000000d8b80000, 0x0000000100000000)
  eden space 24064K, 0% used [0x00000000d5700000,0x00000000d5700000,0x00000000d6e80000)
  from space 14336K, 0% used [0x00000000d7d80000,0x00000000d7d80000,0x00000000d8b80000)
  to   space 14848K, 0% used [0x00000000d6e80000,0x00000000d6e80000,0x00000000d7d00000)
 ParOldGen       total 87552K, used 24247K [0x0000000080400000, 0x0000000085980000, 0x00000000d5700000)
  object space 87552K, 27% used [0x0000000080400000,0x0000000081bade88,0x0000000085980000)
 Metaspace       used 19166K, capacity 19427K, committed 19712K, reserved 1067008K
  class space    used 2172K, capacity 2235K, committed 2304K, reserved 1048576K
}

