# JRE version: Java(TM) SE Runtime Environment (8.0_91-b14) (build 1.8.0_91-b14)
# Java VM: Java HotSpot(TM) 64-Bit Server VM (25.91-b14 mixed mode windows-amd64 compressed oops)
Heap:
 PSYoungGen      total 34816K, used 23014K [0x00000000d5700000, 0x00000000d8580000, 0x0000000100000000)
  eden space 23040K, 98% used [0x00000000d5700000,0x00000000d6d0e078,0x00000000d6d80000)
  from space 11776K, 3% used [0x00000000d7a00000,0x00000000d7a6b890,0x00000000d8580000)
  to   space 12288K, 0% used [0x00000000d6d80000,0x00000000d6d80000,0x00000000d7980000)
 ParOldGen       total 87552K, used 22439K [0x0000000080400000, 0x0000000085980000, 0x00000000d5700000)
  object space 87552K, 25% used [0x0000000080400000,0x00000000819e9cf0,0x0000000085980000)
 Metaspace       used 19173K, capacity 19427K, committed 19712K, reserved 1067008K
  class space    used 2172K, capacity 2235K, committed 2304K, reserved 1048576K
GC Heap History (10 events):
Event: 105.905 GC heap before
{Heap before GC invocations=26 (full 3):
 PSYoungGen      total 36352K, used 23040K [0x00000000d5700000, 0x00000000d8880000, 0x0000000100000000)
  eden space 23040K, 100% used [0x00000000d5700000,0x00000000d6d80000,0x00000000d6d80000)
  from space 13312K, 0% used [0x00000000d7b80000,0x00000000d7b80000,0x00000000d8880000)
  to   space 13824K, 0% used [0x00000000d6d80000,0x00000000d6d80000,0x00000000d7b00000)
 ParOldGen       total 87552K, used 24217K [0x0000000080400000, 0x0000000085980000, 0x00000000d5700000)
  object space 87552K, 27% used [0x0000000080400000,0x0000000081ba6490,0x0000000085980000)
 Metaspace       used 19165K, capacity 19427K, committed 19712K, reserved 1067008K
  class space    used 2172K, capacity 2235K, committed 2304K, reserved 1048576K
Event: 105.907 GC heap after
Heap after GC invocations=26 (full 3):
 PSYoungGen      total 23552K, used 508K [0x00000000d5700000, 0x00000000d8780000, 0x0000000100000000)
  eden space 23040K, 0% used [0x00000000d5700000,0x00000000d5700000,0x00000000d6d80000)
  from space 512K, 99% used [0x00000000d6d80000,0x00000000d6dff120,0x00000000d6e00000)
  to   space 13312K, 0% used [0x00000000d7a80000,0x00000000d7a80000,0x00000000d8780000)
 ParOldGen       total 87552K, used 24217K [0x0000000080400000, 0x0000000085980000, 0x00000000d5700000)
  object space 87552K, 27% used [0x0000000080400000,0x0000000081ba6490,0x0000000085980000)
 Metaspace       used 19165K, capacity 19427K, committed 19712K, reserved 1067008K
  class space    used 2172K, capacity 2235K, committed 2304K, reserved 1048576K
}
Event: 119.503 GC heap before
{Heap before GC invocations=27 (full 3):
 PSYoungGen      total 23552K, used 23548K [0x00000000d5700000, 0x00000000d8780000, 0x0000000100000000)
  eden space 23040K, 100% used [0x00000000d5700000,0x00000000d6d80000,0x00000000d6d80000)
  from space 512K, 99% used [0x00000000d6d80000,0x00000000d6dff120,0x00000000d6e00000)
  to   space 13312K, 0% used [0x00000000d7a80000,0x00000000d7a80000,0x00000000d8780000)
 ParOldGen       total 87552K, used 24217K [0x0000000080400000, 0x0000000085980000, 0x00000000d5700000)
  object space 87552K, 27% used [0x0000000080400000,0x0000000081ba6490,0x0000000085980000)
 Metaspace       used 19167K, capacity 19427K, committed 19712K, reserved 1067008K
  class space    used 2172K, capacity 2235K, committed 2304K, reserved 1048576K
Event: 119.505 GC heap after
Heap after GC invocations=27 (full 3):
 PSYoungGen      total 36352K, used 444K [0x00000000d5700000, 0x00000000d8780000, 0x0000000100000000)
  eden space 23040K, 0% used [0x00000000d5700000,0x00000000d5700000,0x00000000d6d80000)
  from space 13312K, 3% used [0x00000000d7a80000,0x00000000d7aef120,0x00000000d8780000)
  to   space 13312K, 0% used [0x00000000d6d80000,0x00000000d6d80000,0x00000000d7a80000)
 ParOldGen       total 87552K, used 24329K [0x0000000080400000, 0x0000000085980000, 0x00000000d5700000)
  object space 87552K, 27% used [0x0000000080400000,0x0000000081bc2490,0x0000000085980000)
 Metaspace       used 19167K, capacity 19427K, committed 19712K, reserved 1067008K
  class space    used 2172K, capacity 2235K, committed 2304K, reserved 1048576K
}
Event: 125.756 GC heap before
{Heap before GC invocations=28 (full 3):
 PSYoungGen      total 36352K, used 16135K [0x00000000d5700000, 0x00000000d8780000, 0x0000000100000000)
  eden space 23040K, 68% used [0x00000000d5700000,0x00000000d6652d38,0x00000000d6d80000)
  from space 13312K, 3% used [0x00000000d7a80000,0x00000000d7aef120,0x00000000d8780000)
  to   space 13312K, 0% used [0x00000000d6d80000,0x00000000d6d80000,0x00000000d7a80000)
 ParOldGen       total 87552K, used 24329K [0x0000000080400000, 0x0000000085980000, 0x00000000d5700000)
  object space 87552K, 27% used [0x0000000080400000,0x0000000081bc2490,0x0000000085980000)
 Metaspace       used 19167K, capacity 19427K, committed 19712K, reserved 1067008K
  class space    used 2172K, capacity 2235K, committed 2304K, reserved 1048576K
Event: 125.757 GC heap after
Heap after GC invocations=28 (full 3):
 PSYoungGen      total 23552K, used 320K [0x00000000d5700000, 0x00000000d8680000, 0x0000000100000000)
  eden space 23040K, 0% used [0x00000000d5700000,0x00000000d5700000,0x00000000d6d80000)
  from space 512K, 62% used [0x00000000d6d80000,0x00000000d6dd0000,0x00000000d6e00000)
  to   space 12800K, 0% used [0x00000000d7a00000,0x00000000d7a00000,0x00000000d8680000)
 ParOldGen       total 87552K, used 24385K [0x0000000080400000, 0x0000000085980000, 0x00000000d5700000)
  object space 87552K, 27% used [0x0000000080400000,0x0000000081bd0490,0x0000000085980000)
 Metaspace       used 19167K, capacity 19427K, committed 19712K, reserved 1067008K
  class space    used 2172K, capacity 2235K, committed 2304K, reserved 1048576K
}
Event: 125.757 GC heap before
{Heap before GC invocations=29 (full 4):
 PSYoungGen      total 23552K, used 320K [0x00000000d5700000, 0x00000000d8680000, 0x0000000100000000)
  eden space 23040K, 0% used [0x00000000d5700000,0x00000000d5700000,0x00000000d6d80000)
  from space 512K, 62% used [0x00000000d6d80000,0x00000000d6dd0000,0x00000000d6e00000)
  to   space 12800K, 0% used [0x00000000d7a00000,0x00000000d7a00000,0x00000000d8680000)
 ParOldGen       total 87552K, used 24385K [0x0000000080400000, 0x0000000085980000, 0x00000000d5700000)
  object space 87552K, 27% used [0x0000000080400000,0x0000000081bd0490,0x0000000085980000)
 Metaspace       used 19167K, capacity 19427K, committed 19712K, reserved 1067008K
  class space    used 2172K, capacity 2235K, committed 2304K, reserved 1048576K
Event: 125.804 GC heap after
Heap after GC invocations=29 (full 4):
 PSYoungGen      total 23552K, used 0K [0x00000000d5700000, 0x00000000d8680000, 0x0000000100000000)
  eden space 23040K, 0% used [0x00000000d5700000,0x00000000d5700000,0x00000000d6d80000)
  from space 512K, 0% used [0x00000000d6d80000,0x00000000d6d80000,0x00000000d6e00000)
  to   space 12800K, 0% used [0x00000000d7a00000,0x00000000d7a00000,0x00000000d8680000)
 ParOldGen       total 87552K, used 22439K [0x0000000080400000, 0x0000000085980000, 0x00000000d5700000)
  object space 87552K, 25% used [0x0000000080400000,0x00000000819e9cf0,0x0000000085980000)
 Metaspace       used 19167K, capacity 19427K, committed 19712K, reserved 1067008K
  class space    used 2172K, capacity 2235K, committed 2304K, reserved 1048576K
}
Event: 141.103 GC heap before
{Heap before GC invocations=30 (full 4):
 PSYoungGen      total 23552K, used 23040K [0x00000000d5700000, 0x00000000d8680000, 0x0000000100000000)
  eden space 23040K, 100% used [0x00000000d5700000,0x00000000d6d80000,0x00000000d6d80000)
  from space 512K, 0% used [0x00000000d6d80000,0x00000000d6d80000,0x00000000d6e00000)
  to   space 12800K, 0% used [0x00000000d7a00000,0x00000000d7a00000,0x00000000d8680000)
 ParOldGen       total 87552K, used 22439K [0x0000000080400000, 0x0000000085980000, 0x00000000d5700000)
  object space 87552K, 25% used [0x0000000080400000,0x00000000819e9cf0,0x0000000085980000)
 Metaspace       used 19169K, capacity 19427K, committed 19712K, reserved 1067008K
  class space    used 2172K, capacity 2235K, committed 2304K, reserved 1048576K
Event: 141.104 GC heap after
Heap after GC invocations=30 (full 4):
 PSYoungGen      total 34816K, used 430K [0x00000000d5700000, 0x00000000d8580000, 0x0000000100000000)
  eden space 23040K, 0% used [0x00000000d5700000,0x00000000d5700000,0x00000000d6d80000)
  from space 11776K, 3% used [0x00000000d7a00000,0x00000000d7a6b890,0x00000000d8580000)
  to   space 12288K, 0% used [0x00000000d6d80000,0x00000000d6d80000,0x00000000d7980000)
 ParOldGen       total 87552K, used 22439K [0x0000000080400000, 0x0000000085980000, 0x00000000d5700000)
  object space 87552K, 25% used [0x0000000080400000,0x00000000819e9cf0,0x0000000085980000)
 Metaspace       used 19169K, capacity 19427K, committed 19712K, reserved 1067008K
  class space    used 2172K, capacity 2235K, committed 2304K, reserved 1048576K
}

