# JRE version: Java(TM) SE Runtime Environment (8.0_91-b14) (build 1.8.0_91-b14)
# Java VM: Java HotSpot(TM) 64-Bit Server VM (25.91-b14 mixed mode windows-amd64 compressed oops)
Heap:
 PSYoungGen      total 38400K, used 29648K [0x00000000d5700000, 0x00000000d8180000, 0x0000000100000000)
  eden space 33280K, 73% used [0x00000000d5700000,0x00000000d6ef7ce8,0x00000000d7780000)
  from space 5120K, 99% used [0x00000000d7c80000,0x00000000d817c380,0x00000000d8180000)
  to   space 5120K, 0% used [0x00000000d7780000,0x00000000d7780000,0x00000000d7c80000)
 ParOldGen       total 87552K, used 303K [0x0000000080400000, 0x0000000085980000, 0x00000000d5700000)
  object space 87552K, 0% used [0x0000000080400000,0x000000008044bd28,0x0000000085980000)
 Metaspace       used 17887K, capacity 18137K, committed 18304K, reserved 1064960K
  class space    used 2077K, capacity 2166K, committed 2176K, reserved 1048576K
GC Heap History (4 events):
Event: 4.014 GC heap before
{Heap before GC invocations=1 (full 0):
 PSYoungGen      total 38400K, used 33269K [0x00000000d5700000, 0x00000000d8180000, 0x0000000100000000)
  eden space 33280K, 99% used [0x00000000d5700000,0x00000000d777d610,0x00000000d7780000)
  from space 5120K, 0% used [0x00000000d7c80000,0x00000000d7c80000,0x00000000d8180000)
  to   space 5120K, 0% used [0x00000000d7780000,0x00000000d7780000,0x00000000d7c80000)
 ParOldGen       total 87552K, used 0K [0x0000000080400000, 0x0000000085980000, 0x00000000d5700000)
  object space 87552K, 0% used [0x0000000080400000,0x0000000080400000,0x0000000085980000)
 Metaspace       used 14999K, capacity 15233K, committed 15488K, reserved 1062912K
  class space    used 1823K, capacity 1906K, committed 1920K, reserved 1048576K
Event: 4.019 GC heap after
Heap after GC invocations=1 (full 0):
 PSYoungGen      total 38400K, used 4445K [0x00000000d5700000, 0x00000000d8180000, 0x0000000100000000)
  eden space 33280K, 0% used [0x00000000d5700000,0x00000000d5700000,0x00000000d7780000)
  from space 5120K, 86% used [0x00000000d7780000,0x00000000d7bd7598,0x00000000d7c80000)
  to   space 5120K, 0% used [0x00000000d7c80000,0x00000000d7c80000,0x00000000d8180000)
 ParOldGen       total 87552K, used 16K [0x0000000080400000, 0x0000000085980000, 0x00000000d5700000)
  object space 87552K, 0% used [0x0000000080400000,0x0000000080404000,0x0000000085980000)
 Metaspace       used 14999K, capacity 15233K, committed 15488K, reserved 1062912K
  class space    used 1823K, capacity 1906K, committed 1920K, reserved 1048576K
}
Event: 10.384 GC heap before
{Heap before GC invocations=2 (full 0):
 PSYoungGen      total 38400K, used 37557K [0x00000000d5700000, 0x00000000d8180000, 0x0000000100000000)
  eden space 33280K, 99% used [0x00000000d5700000,0x00000000d7756248,0x00000000d7780000)
  from space 5120K, 86% used [0x00000000d7780000,0x00000000d7bd7598,0x00000000d7c80000)
  to   space 5120K, 0% used [0x00000000d7c80000,0x00000000d7c80000,0x00000000d8180000)
 ParOldGen       total 87552K, used 16K [0x0000000080400000, 0x0000000085980000, 0x00000000d5700000)
  object space 87552K, 0% used [0x0000000080400000,0x0000000080404000,0x0000000085980000)
 Metaspace       used 16121K, capacity 16327K, committed 16640K, reserved 1064960K
  class space    used 1909K, capacity 1971K, committed 2048K, reserved 1048576K
Event: 10.389 GC heap after
Heap after GC invocations=2 (full 0):
 PSYoungGen      total 38400K, used 5104K [0x00000000d5700000, 0x00000000d8180000, 0x0000000100000000)
  eden space 33280K, 0% used [0x00000000d5700000,0x00000000d5700000,0x00000000d7780000)
  from space 5120K, 99% used [0x00000000d7c80000,0x00000000d817c380,0x00000000d8180000)
  to   space 5120K, 0% used [0x00000000d7780000,0x00000000d7780000,0x00000000d7c80000)
 ParOldGen       total 87552K, used 303K [0x0000000080400000, 0x0000000085980000, 0x00000000d5700000)
  object space 87552K, 0% used [0x0000000080400000,0x000000008044bd28,0x0000000085980000)
 Metaspace       used 16121K, capacity 16327K, committed 16640K, reserved 1064960K
  class space    used 1909K, capacity 1971K, committed 2048K, reserved 1048576K
}

