# JRE version: Java(TM) SE Runtime Environment (8.0_91-b14) (build 1.8.0_91-b14)
# Java VM: Java HotSpot(TM) 64-Bit Server VM (25.91-b14 mixed mode windows-amd64 compressed oops)
Heap:
 PSYoungGen      total 17408K, used 4619K [0x00000000d5700000, 0x00000000d7080000, 0x0000000100000000)
  eden space 11264K, 25% used [0x00000000d5700000,0x00000000d59da0a8,0x00000000d6200000)
  from space 6144K, 27% used [0x00000000d6200000,0x00000000d63a8bf0,0x00000000d6800000)
  to   space 6144K, 0% used [0x00000000d6a80000,0x00000000d6a80000,0x00000000d7080000)
 ParOldGen       total 120832K, used 104483K [0x0000000080400000, 0x0000000087a00000, 0x00000000d5700000)
  object space 120832K, 86% used [0x0000000080400000,0x0000000086a08df0,0x0000000087a00000)
 Metaspace       used 19349K, capacity 19619K, committed 19968K, reserved 1067008K
  class space    used 2173K, capacity 2235K, committed 2304K, reserved 1048576K
GC Heap History (10 events):
Event: 503.944 GC heap before
{Heap before GC invocations=152 (full 17):
 PSYoungGen      total 15872K, used 10546K [0x00000000d5700000, 0x00000000d6d00000, 0x0000000100000000)
  eden space 9216K, 100% used [0x00000000d5700000,0x00000000d6000000,0x00000000d6000000)
  from space 6656K, 19% used [0x00000000d6680000,0x00000000d67ccaf0,0x00000000d6d00000)
  to   space 6656K, 0% used [0x00000000d6000000,0x00000000d6000000,0x00000000d6680000)
 ParOldGen       total 120832K, used 104483K [0x0000000080400000, 0x0000000087a00000, 0x00000000d5700000)
  object space 120832K, 86% used [0x0000000080400000,0x0000000086a08df0,0x0000000087a00000)
 Metaspace       used 19346K, capacity 19619K, committed 19968K, reserved 1067008K
  class space    used 2173K, capacity 2235K, committed 2304K, reserved 1048576K
Event: 503.945 GC heap after
Heap after GC invocations=152 (full 17):
 PSYoungGen      total 15872K, used 878K [0x00000000d5700000, 0x00000000d6d00000, 0x0000000100000000)
  eden space 9216K, 0% used [0x00000000d5700000,0x00000000d5700000,0x00000000d6000000)
  from space 6656K, 13% used [0x00000000d6000000,0x00000000d60db8a0,0x00000000d6680000)
  to   space 6656K, 0% used [0x00000000d6680000,0x00000000d6680000,0x00000000d6d00000)
 ParOldGen       total 120832K, used 104483K [0x0000000080400000, 0x0000000087a00000, 0x00000000d5700000)
  object space 120832K, 86% used [0x0000000080400000,0x0000000086a08df0,0x0000000087a00000)
 Metaspace       used 19346K, capacity 19619K, committed 19968K, reserved 1067008K
  class space    used 2173K, capacity 2235K, committed 2304K, reserved 1048576K
}
Event: 503.974 GC heap before
{Heap before GC invocations=153 (full 17):
 PSYoungGen      total 15872K, used 10094K [0x00000000d5700000, 0x00000000d6d00000, 0x0000000100000000)
  eden space 9216K, 100% used [0x00000000d5700000,0x00000000d6000000,0x00000000d6000000)
  from space 6656K, 13% used [0x00000000d6000000,0x00000000d60db8a0,0x00000000d6680000)
  to   space 6656K, 0% used [0x00000000d6680000,0x00000000d6680000,0x00000000d6d00000)
 ParOldGen       total 120832K, used 104483K [0x0000000080400000, 0x0000000087a00000, 0x00000000d5700000)
  object space 120832K, 86% used [0x0000000080400000,0x0000000086a08df0,0x0000000087a00000)
 Metaspace       used 19346K, capacity 19619K, committed 19968K, reserved 1067008K
  class space    used 2173K, capacity 2235K, committed 2304K, reserved 1048576K
Event: 503.977 GC heap after
Heap after GC invocations=153 (full 17):
 PSYoungGen      total 15872K, used 558K [0x00000000d5700000, 0x00000000d6f00000, 0x0000000100000000)
  eden space 9216K, 0% used [0x00000000d5700000,0x00000000d5700000,0x00000000d6000000)
  from space 6656K, 8% used [0x00000000d6680000,0x00000000d670b890,0x00000000d6d00000)
  to   space 6656K, 0% used [0x00000000d6000000,0x00000000d6000000,0x00000000d6680000)
 ParOldGen       total 120832K, used 104483K [0x0000000080400000, 0x0000000087a00000, 0x00000000d5700000)
  object space 120832K, 86% used [0x0000000080400000,0x0000000086a08df0,0x0000000087a00000)
 Metaspace       used 19346K, capacity 19619K, committed 19968K, reserved 1067008K
  class space    used 2173K, capacity 2235K, committed 2304K, reserved 1048576K
}
Event: 507.002 GC heap before
{Heap before GC invocations=154 (full 17):
 PSYoungGen      total 15872K, used 9774K [0x00000000d5700000, 0x00000000d6f00000, 0x0000000100000000)
  eden space 9216K, 100% used [0x00000000d5700000,0x00000000d6000000,0x00000000d6000000)
  from space 6656K, 8% used [0x00000000d6680000,0x00000000d670b890,0x00000000d6d00000)
  to   space 6656K, 0% used [0x00000000d6000000,0x00000000d6000000,0x00000000d6680000)
 ParOldGen       total 120832K, used 104483K [0x0000000080400000, 0x0000000087a00000, 0x00000000d5700000)
  object space 120832K, 86% used [0x0000000080400000,0x0000000086a08df0,0x0000000087a00000)
 Metaspace       used 19346K, capacity 19619K, committed 19968K, reserved 1067008K
  class space    used 2173K, capacity 2235K, committed 2304K, reserved 1048576K
Event: 507.003 GC heap after
Heap after GC invocations=154 (full 17):
 PSYoungGen      total 15872K, used 908K [0x00000000d5700000, 0x00000000d6f00000, 0x0000000100000000)
  eden space 9216K, 0% used [0x00000000d5700000,0x00000000d5700000,0x00000000d6000000)
  from space 6656K, 13% used [0x00000000d6000000,0x00000000d60e3130,0x00000000d6680000)
  to   space 6656K, 0% used [0x00000000d6880000,0x00000000d6880000,0x00000000d6f00000)
 ParOldGen       total 120832K, used 104483K [0x0000000080400000, 0x0000000087a00000, 0x00000000d5700000)
  object space 120832K, 86% used [0x0000000080400000,0x0000000086a08df0,0x0000000087a00000)
 Metaspace       used 19346K, capacity 19619K, committed 19968K, reserved 1067008K
  class space    used 2173K, capacity 2235K, committed 2304K, reserved 1048576K
}
Event: 507.076 GC heap before
{Heap before GC invocations=155 (full 17):
 PSYoungGen      total 15872K, used 10124K [0x00000000d5700000, 0x00000000d6f00000, 0x0000000100000000)
  eden space 9216K, 100% used [0x00000000d5700000,0x00000000d6000000,0x00000000d6000000)
  from space 6656K, 13% used [0x00000000d6000000,0x00000000d60e3130,0x00000000d6680000)
  to   space 6656K, 0% used [0x00000000d6880000,0x00000000d6880000,0x00000000d6f00000)
 ParOldGen       total 120832K, used 104483K [0x0000000080400000, 0x0000000087a00000, 0x00000000d5700000)
  object space 120832K, 86% used [0x0000000080400000,0x0000000086a08df0,0x0000000087a00000)
 Metaspace       used 19346K, capacity 19619K, committed 19968K, reserved 1067008K
  class space    used 2173K, capacity 2235K, committed 2304K, reserved 1048576K
Event: 507.077 GC heap after
Heap after GC invocations=155 (full 17):
 PSYoungGen      total 16896K, used 780K [0x00000000d5700000, 0x00000000d6e00000, 0x0000000100000000)
  eden space 11264K, 0% used [0x00000000d5700000,0x00000000d5700000,0x00000000d6200000)
  from space 5632K, 13% used [0x00000000d6880000,0x00000000d6943130,0x00000000d6e00000)
  to   space 6144K, 0% used [0x00000000d6200000,0x00000000d6200000,0x00000000d6800000)
 ParOldGen       total 120832K, used 104483K [0x0000000080400000, 0x0000000087a00000, 0x00000000d5700000)
  object space 120832K, 86% used [0x0000000080400000,0x0000000086a08df0,0x0000000087a00000)
 Metaspace       used 19346K, capacity 19619K, committed 19968K, reserved 1067008K
  class space    used 2173K, capacity 2235K, committed 2304K, reserved 1048576K
}
Event: 507.325 GC heap before
{Heap before GC invocations=156 (full 17):
 PSYoungGen      total 16896K, used 12044K [0x00000000d5700000, 0x00000000d6e00000, 0x0000000100000000)
  eden space 11264K, 100% used [0x00000000d5700000,0x00000000d6200000,0x00000000d6200000)
  from space 5632K, 13% used [0x00000000d6880000,0x00000000d6943130,0x00000000d6e00000)
  to   space 6144K, 0% used [0x00000000d6200000,0x00000000d6200000,0x00000000d6800000)
 ParOldGen       total 120832K, used 104483K [0x0000000080400000, 0x0000000087a00000, 0x00000000d5700000)
  object space 120832K, 86% used [0x0000000080400000,0x0000000086a08df0,0x0000000087a00000)
 Metaspace       used 19348K, capacity 19619K, committed 19968K, reserved 1067008K
  class space    used 2173K, capacity 2235K, committed 2304K, reserved 1048576K
Event: 507.326 GC heap after
Heap after GC invocations=156 (full 17):
 PSYoungGen      total 17408K, used 1698K [0x00000000d5700000, 0x00000000d7080000, 0x0000000100000000)
  eden space 11264K, 0% used [0x00000000d5700000,0x00000000d5700000,0x00000000d6200000)
  from space 6144K, 27% used [0x00000000d6200000,0x00000000d63a8bf0,0x00000000d6800000)
  to   space 6144K, 0% used [0x00000000d6a80000,0x00000000d6a80000,0x00000000d7080000)
 ParOldGen       total 120832K, used 104483K [0x0000000080400000, 0x0000000087a00000, 0x00000000d5700000)
  object space 120832K, 86% used [0x0000000080400000,0x0000000086a08df0,0x0000000087a00000)
 Metaspace       used 19348K, capacity 19619K, committed 19968K, reserved 1067008K
  class space    used 2173K, capacity 2235K, committed 2304K, reserved 1048576K
}

